2015-05-11 11:32:28.605 - debug: HTTP GET / 200  21ms
2015-05-11 11:32:28.611 - debug: HTTP GET /js/libs/jquery-1.8.3.min.js 304  4ms
2015-05-11 11:32:28.614 - debug: HTTP GET /css/earlybird.css 200  5ms
2015-05-11 11:32:28.618 - debug: HTTP GET /js/libs/jquery-ui-1.10.3.min.js 304  1ms
2015-05-11 11:32:28.620 - debug: HTTP GET /js/libs/jquery.fullPage.min.js 304  4ms
2015-05-11 11:32:28.621 - debug: HTTP GET /js/libs/jquery.sha256.min.js 304  5ms
2015-05-11 11:32:28.622 - debug: HTTP GET /imgs/pagenormal.png 200  7ms
2015-05-11 11:32:28.685 - debug: HTTP GET /imgs/bg.png 304  0ms
2015-05-11 11:32:28.688 - debug: HTTP GET /imgs/left-round1.png 304  1ms
2015-05-11 11:32:28.691 - debug: HTTP GET /imgs/left-round2.png 304  2ms
2015-05-11 11:32:28.691 - debug: HTTP GET /imgs/right-round1.png 304  2ms
2015-05-11 11:32:28.692 - debug: HTTP GET /imgs/right-round2.png 304  2ms
2015-05-11 11:32:28.693 - debug: HTTP GET /imgs/earlybird.png 200  4ms
2015-05-11 11:32:32.492 - error: middlewareError date=Mon May 11 2015 11:32:32 GMT+0800 (中国标准时间), pid=8432, uid=null, gid=null, cwd=E:\Tech\trunk\niuwa-p2pweb\niuwap2p_promo, execPath=C:\Program Files\nodejs\node.exe, version=v0.10.36, argv=[node, E:\Tech\trunk\niuwa-p2pweb\niuwap2p_promo\bin\www.4000], rss=54874112, heapTotal=55116032, heapUsed=28099728, loadavg=[0, 0, 0], uptime=22484.220883, trace=[column=17, file=E:\Tech\trunk\niuwa-p2pweb\niuwap2p_promo\node_modules\express\lib\application.js, function=EventEmitter.app.render, line=519, method=app.render, native=false, column=7, file=E:\Tech\trunk\niuwa-p2pweb\niuwap2p_promo\node_modules\express\lib\response.js, function=ServerResponse.res.render, line=933, method=res.render, native=false, column=6, file=E:\Tech\trunk\niuwa-p2pweb\niuwap2p_promo\app.js, function=app.use.expressWinston.errorLogger.winstonInstance, line=79, method=use.expressWinston.errorLogger.winstonInstance, native=false, column=5, file=E:\Tech\trunk\niuwa-p2pweb\niuwap2p_promo\node_modules\express\lib\router\layer.js, function=Layer.handle [as handle_request], line=82, method=handle [as handle_request], native=false, column=13, file=E:\Tech\trunk\niuwa-p2pweb\niuwap2p_promo\node_modules\express\lib\router\index.js, function=trim_prefix, line=302, method=null, native=false, column=7, file=E:\Tech\trunk\niuwa-p2pweb\niuwap2p_promo\node_modules\express\lib\router\index.js, function=null, line=270, method=null, native=false, column=12, file=E:\Tech\trunk\niuwa-p2pweb\niuwap2p_promo\node_modules\express\lib\router\index.js, function=Function.proto.process_params, line=321, method=proto.process_params, native=false, column=10, file=E:\Tech\trunk\niuwa-p2pweb\niuwap2p_promo\node_modules\express\lib\router\index.js, function=next, line=261, method=null, native=false, column=15, file=E:\Tech\trunk\niuwa-p2pweb\niuwap2p_promo\node_modules\express\lib\router\index.js, function=null, line=603, method=null, native=false, column=14, file=E:\Tech\trunk\niuwa-p2pweb\niuwap2p_promo\node_modules\express\lib\router\index.js, function=next, line=246, method=null, native=false], stack=[Error: Failed to lookup view "notfound" in views directory "E:\Tech\trunk\niuwa-p2pweb\niuwap2p_promo\views",     at EventEmitter.app.render (E:\Tech\trunk\niuwa-p2pweb\niuwap2p_promo\node_modules\express\lib\application.js:519:17),     at ServerResponse.res.render (E:\Tech\trunk\niuwa-p2pweb\niuwap2p_promo\node_modules\express\lib\response.js:933:7),     at app.use.expressWinston.errorLogger.winstonInstance (E:\Tech\trunk\niuwa-p2pweb\niuwap2p_promo\app.js:79:6),     at Layer.handle [as handle_request] (E:\Tech\trunk\niuwa-p2pweb\niuwap2p_promo\node_modules\express\lib\router\layer.js:82:5),     at trim_prefix (E:\Tech\trunk\niuwa-p2pweb\niuwap2p_promo\node_modules\express\lib\router\index.js:302:13),     at E:\Tech\trunk\niuwa-p2pweb\niuwap2p_promo\node_modules\express\lib\router\index.js:270:7,     at Function.proto.process_params (E:\Tech\trunk\niuwa-p2pweb\niuwap2p_promo\node_modules\express\lib\router\index.js:321:12),     at next (E:\Tech\trunk\niuwa-p2pweb\niuwap2p_promo\node_modules\express\lib\router\index.js:261:10),     at E:\Tech\trunk\niuwa-p2pweb\niuwap2p_promo\node_modules\express\lib\router\index.js:603:15,     at next (E:\Tech\trunk\niuwa-p2pweb\niuwap2p_promo\node_modules\express\lib\router\index.js:246:14)], url=/teset1, host=localhost:4000, connection=keep-alive, accept=text/html,application/xhtml+xml,application/xml;q=0.9,image/webp,*/*;q=0.8, user-agent=Mozilla/5.0 (Windows NT 6.1; WOW64) AppleWebKit/537.36 (KHTML, like Gecko) Chrome/41.0.2272.89 Safari/537.36, accept-encoding=gzip, deflate, sdch, accept-language=zh-CN,zh;q=0.8, cookie=nw_udname=daimonlove2; nw_wsid=s%3AzSk4RO_HnDX-Qu3U4bwc22Ebcp8aLCFa.3sPIVwONdAb9XKC9VW%2FDYJ29Zch%2Bzikjpo70RYJPVGQ, method=GET, httpVersion=1.1, originalUrl=/teset1, 
2015-05-11 11:32:32.501 - debug: HTTP GET /teset1 500  23ms
2015-05-11 11:32:28.609 - debug: HTTP GET /css/jquery.fullPage.css 304  2ms
2015-05-11 11:33:40.493 - debug: HTTP GET /clause 200  9ms
2015-05-11 11:33:40.498 - debug: HTTP GET /css/niuwah5.css 304  0ms
2015-05-11 11:33:49.406 - debug: HTTP GET /test1 200  8ms
2015-05-11 11:33:49.411 - debug: HTTP GET /imgs/0221.png 200  2ms
2015-05-11 11:34:43.542 - error: middlewareError date=Mon May 11 2015 11:34:43 GMT+0800 (中国标准时间), pid=8432, uid=null, gid=null, cwd=E:\Tech\trunk\niuwa-p2pweb\niuwap2p_promo, execPath=C:\Program Files\nodejs\node.exe, version=v0.10.36, argv=[node, E:\Tech\trunk\niuwa-p2pweb\niuwap2p_promo\bin\www.4000], rss=56836096, heapTotal=55116032, heapUsed=29495736, loadavg=[0, 0, 0], uptime=22615.2733787, trace=[column=17, file=E:\Tech\trunk\niuwa-p2pweb\niuwap2p_promo\node_modules\express\lib\application.js, function=EventEmitter.app.render, line=519, method=app.render, native=false, column=7, file=E:\Tech\trunk\niuwa-p2pweb\niuwap2p_promo\node_modules\express\lib\response.js, function=ServerResponse.res.render, line=933, method=res.render, native=false, column=6, file=E:\Tech\trunk\niuwa-p2pweb\niuwap2p_promo\app.js, function=app.use.expressWinston.errorLogger.winstonInstance, line=79, method=use.expressWinston.errorLogger.winstonInstance, native=false, column=5, file=E:\Tech\trunk\niuwa-p2pweb\niuwap2p_promo\node_modules\express\lib\router\layer.js, function=Layer.handle [as handle_request], line=82, method=handle [as handle_request], native=false, column=13, file=E:\Tech\trunk\niuwa-p2pweb\niuwap2p_promo\node_modules\express\lib\router\index.js, function=trim_prefix, line=302, method=null, native=false, column=7, file=E:\Tech\trunk\niuwa-p2pweb\niuwap2p_promo\node_modules\express\lib\router\index.js, function=null, line=270, method=null, native=false, column=12, file=E:\Tech\trunk\niuwa-p2pweb\niuwap2p_promo\node_modules\express\lib\router\index.js, function=Function.proto.process_params, line=321, method=proto.process_params, native=false, column=10, file=E:\Tech\trunk\niuwa-p2pweb\niuwap2p_promo\node_modules\express\lib\router\index.js, function=next, line=261, method=null, native=false, column=15, file=E:\Tech\trunk\niuwa-p2pweb\niuwap2p_promo\node_modules\express\lib\router\index.js, function=null, line=603, method=null, native=false, column=14, file=E:\Tech\trunk\niuwa-p2pweb\niuwap2p_promo\node_modules\express\lib\router\index.js, function=next, line=246, method=null, native=false], stack=[Error: Failed to lookup view "notfound" in views directory "E:\Tech\trunk\niuwa-p2pweb\niuwap2p_promo\views",     at EventEmitter.app.render (E:\Tech\trunk\niuwa-p2pweb\niuwap2p_promo\node_modules\express\lib\application.js:519:17),     at ServerResponse.res.render (E:\Tech\trunk\niuwa-p2pweb\niuwap2p_promo\node_modules\express\lib\response.js:933:7),     at app.use.expressWinston.errorLogger.winstonInstance (E:\Tech\trunk\niuwa-p2pweb\niuwap2p_promo\app.js:79:6),     at Layer.handle [as handle_request] (E:\Tech\trunk\niuwa-p2pweb\niuwap2p_promo\node_modules\express\lib\router\layer.js:82:5),     at trim_prefix (E:\Tech\trunk\niuwa-p2pweb\niuwap2p_promo\node_modules\express\lib\router\index.js:302:13),     at E:\Tech\trunk\niuwa-p2pweb\niuwap2p_promo\node_modules\express\lib\router\index.js:270:7,     at Function.proto.process_params (E:\Tech\trunk\niuwa-p2pweb\niuwap2p_promo\node_modules\express\lib\router\index.js:321:12),     at next (E:\Tech\trunk\niuwa-p2pweb\niuwap2p_promo\node_modules\express\lib\router\index.js:261:10),     at E:\Tech\trunk\niuwa-p2pweb\niuwap2p_promo\node_modules\express\lib\router\index.js:603:15,     at next (E:\Tech\trunk\niuwa-p2pweb\niuwap2p_promo\node_modules\express\lib\router\index.js:246:14)], url=/test, host=192.168.101.141:4000, connection=keep-alive, accept=text/html,application/xhtml+xml,application/xml;q=0.9,image/webp,*/*;q=0.8, user-agent=Mozilla/5.0 (Windows NT 6.1; WOW64) AppleWebKit/537.36 (KHTML, like Gecko) Chrome/41.0.2272.89 Safari/537.36, accept-encoding=gzip, deflate, sdch, accept-language=zh-CN,zh;q=0.8, method=GET, httpVersion=1.1, originalUrl=/test, 
2015-05-11 11:34:43.547 - debug: HTTP GET /test 500  10ms
2015-05-11 11:35:15.630 - debug: HTTP GET /test1 200  12ms
2015-05-11 11:35:15.643 - debug: HTTP GET /imgs/0221.png 200  4ms
2015-05-11 11:38:12.094 - error: middlewareError date=Mon May 11 2015 11:38:12 GMT+0800 (中国标准时间), pid=8432, uid=null, gid=null, cwd=E:\Tech\trunk\niuwa-p2pweb\niuwap2p_promo, execPath=C:\Program Files\nodejs\node.exe, version=v0.10.36, argv=[node, E:\Tech\trunk\niuwa-p2pweb\niuwap2p_promo\bin\www.4000], rss=58167296, heapTotal=56135936, heapUsed=30546696, loadavg=[0, 0, 0], uptime=22823.8073062, trace=[column=17, file=E:\Tech\trunk\niuwa-p2pweb\niuwap2p_promo\node_modules\express\lib\application.js, function=EventEmitter.app.render, line=519, method=app.render, native=false, column=7, file=E:\Tech\trunk\niuwa-p2pweb\niuwap2p_promo\node_modules\express\lib\response.js, function=ServerResponse.res.render, line=933, method=res.render, native=false, column=6, file=E:\Tech\trunk\niuwa-p2pweb\niuwap2p_promo\app.js, function=app.use.expressWinston.errorLogger.winstonInstance, line=79, method=use.expressWinston.errorLogger.winstonInstance, native=false, column=5, file=E:\Tech\trunk\niuwa-p2pweb\niuwap2p_promo\node_modules\express\lib\router\layer.js, function=Layer.handle [as handle_request], line=82, method=handle [as handle_request], native=false, column=13, file=E:\Tech\trunk\niuwa-p2pweb\niuwap2p_promo\node_modules\express\lib\router\index.js, function=trim_prefix, line=302, method=null, native=false, column=7, file=E:\Tech\trunk\niuwa-p2pweb\niuwap2p_promo\node_modules\express\lib\router\index.js, function=null, line=270, method=null, native=false, column=12, file=E:\Tech\trunk\niuwa-p2pweb\niuwap2p_promo\node_modules\express\lib\router\index.js, function=Function.proto.process_params, line=321, method=proto.process_params, native=false, column=10, file=E:\Tech\trunk\niuwa-p2pweb\niuwap2p_promo\node_modules\express\lib\router\index.js, function=next, line=261, method=null, native=false, column=15, file=E:\Tech\trunk\niuwa-p2pweb\niuwap2p_promo\node_modules\express\lib\router\index.js, function=null, line=603, method=null, native=false, column=14, file=E:\Tech\trunk\niuwa-p2pweb\niuwap2p_promo\node_modules\express\lib\router\index.js, function=next, line=246, method=null, native=false], stack=[Error: Failed to lookup view "notfound" in views directory "E:\Tech\trunk\niuwa-p2pweb\niuwap2p_promo\views",     at EventEmitter.app.render (E:\Tech\trunk\niuwa-p2pweb\niuwap2p_promo\node_modules\express\lib\application.js:519:17),     at ServerResponse.res.render (E:\Tech\trunk\niuwa-p2pweb\niuwap2p_promo\node_modules\express\lib\response.js:933:7),     at app.use.expressWinston.errorLogger.winstonInstance (E:\Tech\trunk\niuwa-p2pweb\niuwap2p_promo\app.js:79:6),     at Layer.handle [as handle_request] (E:\Tech\trunk\niuwa-p2pweb\niuwap2p_promo\node_modules\express\lib\router\layer.js:82:5),     at trim_prefix (E:\Tech\trunk\niuwa-p2pweb\niuwap2p_promo\node_modules\express\lib\router\index.js:302:13),     at E:\Tech\trunk\niuwa-p2pweb\niuwap2p_promo\node_modules\express\lib\router\index.js:270:7,     at Function.proto.process_params (E:\Tech\trunk\niuwa-p2pweb\niuwap2p_promo\node_modules\express\lib\router\index.js:321:12),     at next (E:\Tech\trunk\niuwa-p2pweb\niuwap2p_promo\node_modules\express\lib\router\index.js:261:10),     at E:\Tech\trunk\niuwa-p2pweb\niuwap2p_promo\node_modules\express\lib\router\index.js:603:15,     at next (E:\Tech\trunk\niuwa-p2pweb\niuwap2p_promo\node_modules\express\lib\router\index.js:246:14)], url=/test, host=192.168.101.141:4000, accept-encoding=gzip, accept-language=zh-CN, user-agent=Mozilla/5.0 (Linux; U; Android 4.3; zh-CN; GT-N7108 Build/JSS15J) AppleWebKit/534.30 (KHTML, like Gecko) Version/4.0 UCBrowser/10.3.0.552 U3/0.8.0 Mobile Safari/534.30, accept=text/html,application/xhtml+xml,application/xml;q=0.9,*/*;q=0.8,UC/145,plugin/1,alipay/un, connection=keep-alive, x-ucbrowser-ua=dv(GT-N7108);pr(UCBrowser/10.3.0.552);ov(Android 4.3);ss(360*640);pi(720*1280);bt(UM);pm(1);bv(1);nm(0);im(0);sr(0);nt(2);, method=GET, httpVersion=1.1, originalUrl=/test, 
2015-05-11 11:38:12.145 - debug: HTTP GET /test 500  74ms
2015-05-11 11:38:23.576 - debug: HTTP GET /test1 200  8ms
2015-05-11 11:38:23.694 - debug: HTTP GET /imgs/0221.png 200  3ms
2015-05-11 11:38:55.306 - debug: HTTP GET /test1 200  6ms
2015-05-11 11:38:55.382 - debug: HTTP GET /imgs/0221.png 200  3ms
2015-05-11 11:40:21.193 - debug: HTTP GET /test1 200  11ms
2015-05-11 11:40:21.214 - debug: HTTP GET /imgs/0221.png 304  1ms
2015-05-11 13:21:23.732 - debug: HTTP GET /signup 200  39ms
2015-05-11 13:21:23.880 - debug: HTTP GET /js/libs/zepto.min.js 200  17ms
2015-05-11 13:21:23.883 - debug: HTTP GET /css/niuwah5.css 200  51ms
2015-05-11 13:40:49.412 - debug: HTTP GET /test1 200  14ms
2015-05-11 13:40:49.477 - debug: HTTP GET /imgs/01.png 200  3ms
2015-05-11 13:41:33.077 - debug: HTTP GET /test1 200  12ms
2015-05-11 13:41:33.227 - debug: HTTP GET /imgs/01.png 304  3ms
2015-05-11 13:44:25.295 - debug: HTTP GET /test1 200  12ms
2015-05-11 13:44:25.339 - debug: HTTP GET /css/niuwah5.css 304  1ms
2015-05-11 13:44:25.349 - debug: HTTP GET /imgs/01.png 304  1ms
2015-05-11 13:45:11.254 - debug: HTTP GET /test1 200  11ms
2015-05-11 13:45:11.295 - debug: HTTP GET /css/niuwah5.css 304  4ms
2015-05-11 13:45:11.299 - debug: HTTP GET /imgs/01.png 304  0ms
2015-05-11 13:45:32.281 - debug: HTTP GET /test1 200  12ms
2015-05-11 13:45:32.322 - debug: HTTP GET /css/niuwah5.css 304  2ms
2015-05-11 13:45:32.337 - debug: HTTP GET /imgs/01.png 304  0ms
2015-05-11 13:49:26.229 - debug: HTTP GET / 304  40ms
2015-05-11 13:49:26.236 - debug: HTTP GET /css/jquery.fullPage.css 304  0ms
2015-05-11 13:49:26.237 - debug: HTTP GET /css/earlybird.css 304  2ms
2015-05-11 13:49:26.238 - debug: HTTP GET /js/libs/jquery-1.8.3.min.js 304  2ms
2015-05-11 13:49:26.243 - debug: HTTP GET /js/libs/jquery-ui-1.10.3.min.js 304  0ms
2015-05-11 13:49:26.244 - debug: HTTP GET /js/libs/jquery.fullPage.min.js 304  1ms
2015-05-11 13:49:26.245 - debug: HTTP GET /js/libs/jquery.sha256.min.js 304  1ms
2015-05-11 13:49:26.246 - debug: HTTP GET /imgs/pagenormal.png 304  0ms
2015-05-11 13:49:26.313 - debug: HTTP GET /imgs/bg.png 304  0ms
2015-05-11 13:49:26.315 - debug: HTTP GET /imgs/left-round1.png 304  0ms
2015-05-11 13:49:26.317 - debug: HTTP GET /imgs/left-round2.png 304  1ms
2015-05-11 13:49:26.317 - debug: HTTP GET /imgs/right-round1.png 304  1ms
2015-05-11 13:49:26.318 - debug: HTTP GET /imgs/right-round2.png 304  1ms
2015-05-11 13:49:26.319 - debug: HTTP GET /imgs/earlybird.png 304  2ms
2015-05-11 13:51:04.405 - debug: HTTP GET / 304  17ms
2015-05-11 13:51:04.418 - debug: HTTP GET /js/libs/jquery-ui-1.10.3.min.js 304  0ms
2015-05-11 13:51:04.435 - debug: HTTP GET /js/libs/jquery.fullPage.min.js 304  1ms
2015-05-11 13:51:04.436 - debug: HTTP GET /js/libs/jquery.sha256.min.js 304  18ms
2015-05-11 13:51:04.437 - debug: HTTP GET /imgs/pagenormal.png 304  18ms
2015-05-11 13:51:04.484 - debug: HTTP GET /imgs/bg.png 304  1ms
2015-05-11 13:51:04.494 - debug: HTTP GET /imgs/left-round1.png 304  9ms
2015-05-11 13:51:04.496 - debug: HTTP GET /imgs/left-round2.png 304  10ms
2015-05-11 13:51:04.496 - debug: HTTP GET /imgs/right-round1.png 304  1ms
2015-05-11 13:51:04.497 - debug: HTTP GET /imgs/right-round2.png 304  1ms
2015-05-11 13:51:04.497 - debug: HTTP GET /imgs/earlybird.png 304  1ms
2015-05-11 13:51:08.659 - debug: HTTP GET /chsigetcode 200  5ms
2015-05-11 13:51:08.664 - debug: HTTP GET /css/niuwah5.css 200  3ms
2015-05-11 13:51:17.595 - debug: HTTP GET /css/niuwah5.css 304  0ms
2015-05-11 13:51:53.951 - debug: HTTP GET /chsigetcode 304  21ms
2015-05-11 13:51:53.963 - debug: HTTP GET /css/niuwah5.css 200  2ms
2015-05-11 13:51:04.411 - debug: HTTP GET /css/jquery.fullPage.css 304  3ms
2015-05-11 13:51:04.413 - debug: HTTP GET /css/earlybird.css 304  4ms
2015-05-11 13:51:04.413 - debug: HTTP GET /js/libs/jquery-1.8.3.min.js 304  4ms
2015-05-11 13:52:19.445 - debug: HTTP GET /chsigetcode 304  11ms
2015-05-11 13:52:19.500 - debug: HTTP GET /css/niuwah5.css 200  41ms
2015-05-11 13:54:05.623 - debug: HTTP GET /chsigetcode 200  12ms
2015-05-11 13:54:05.635 - debug: HTTP GET /css/niuwah5.css 304  0ms
2015-05-11 13:54:21.704 - debug: HTTP GET /chsigetcode 200  14ms
2015-05-11 13:54:21.715 - debug: HTTP GET /css/niuwah5.css 304  0ms
2015-05-11 13:54:22.694 - debug: HTTP GET /chsigetcode 304  9ms
2015-05-11 13:54:22.717 - debug: HTTP GET /css/niuwah5.css 304  1ms
2015-05-11 13:56:03.411 - debug: HTTP GET /chsigetcode 200  10ms
2015-05-11 13:56:03.425 - debug: HTTP GET /css/niuwah5.css 200  1ms
2015-05-11 13:56:04.568 - debug: HTTP GET /chsigetcode 304  8ms
2015-05-11 13:56:04.593 - debug: HTTP GET /css/niuwah5.css 304  0ms
2015-05-11 13:56:38.266 - debug: HTTP GET /chsigetcode 304  11ms
2015-05-11 13:56:38.283 - debug: HTTP GET /css/niuwah5.css 200  5ms
2015-05-11 13:57:03.272 - debug: HTTP GET /chsigetcode 200  8ms
2015-05-11 13:57:03.291 - debug: HTTP GET /css/niuwah5.css 304  2ms
2015-05-11 13:58:33.307 - debug: HTTP GET /signup 200  23ms
2015-05-11 13:58:33.316 - debug: HTTP GET /css/niuwah5.css 200  6ms
2015-05-11 13:58:33.317 - debug: HTTP GET /js/libs/zepto.min.js 200  6ms
2015-05-11 13:58:36.265 - debug: HTTP GET /css/niuwah5.css 304  1ms
2015-05-11 13:59:40.935 - debug: HTTP GET /chsigetcode 200  23ms
2015-05-11 13:59:40.948 - debug: HTTP GET /css/niuwah5.css 200  3ms
2015-05-11 14:00:29.922 - debug: HTTP GET /chsigetcode 304  11ms
2015-05-11 14:00:29.936 - debug: HTTP GET /css/niuwah5.css 200  2ms
2015-05-11 14:00:59.130 - debug: HTTP GET /chsigetcode 304  11ms
2015-05-11 14:00:59.154 - debug: HTTP GET /css/niuwah5.css 200  4ms
2015-05-11 14:01:11.024 - debug: HTTP GET /chsigetcode 200  12ms
2015-05-11 14:01:11.037 - debug: HTTP GET /css/niuwah5.css 200  2ms
2015-05-11 14:01:36.666 - debug: HTTP GET /chsigetcode 304  11ms
2015-05-11 14:01:36.684 - debug: HTTP GET /css/niuwah5.css 200  2ms
2015-05-11 14:01:43.275 - debug: HTTP GET /chsigetcode 304  14ms
2015-05-11 14:01:43.303 - debug: HTTP GET /css/niuwah5.css 200  15ms
2015-05-11 14:06:12.324 - debug: HTTP GET /chsigetcode 200  8ms
2015-05-11 14:06:12.349 - debug: HTTP GET /css/niuwah5.css 200  1ms
2015-05-11 14:06:22.181 - debug: HTTP GET /chsigetcode 304  16ms
2015-05-11 14:06:22.187 - debug: HTTP GET /css/niuwah5.css 304  1ms
2015-05-11 14:06:23.720 - debug: HTTP GET /chsigetcode 304  5ms
2015-05-11 14:06:23.735 - debug: HTTP GET /css/niuwah5.css 304  1ms
2015-05-11 14:06:42.354 - debug: HTTP GET /chsigetcode 304  11ms
2015-05-11 14:06:42.379 - debug: HTTP GET /css/niuwah5.css 200  1ms
2015-05-11 14:07:07.692 - debug: HTTP GET /chsigetcode 304  11ms
2015-05-11 14:07:07.707 - debug: HTTP GET /css/niuwah5.css 200  1ms
2015-05-11 14:08:02.296 - debug: HTTP GET /chsigetcode 304  9ms
2015-05-11 14:08:02.325 - debug: HTTP GET /css/niuwah5.css 200  1ms
2015-05-11 14:08:53.098 - debug: HTTP GET /chsigetcode 304  10ms
2015-05-11 14:08:53.120 - debug: HTTP GET /css/niuwah5.css 200  1ms
2015-05-11 14:08:54.386 - debug: HTTP GET /chsigetcode 304  7ms
2015-05-11 14:08:54.403 - debug: HTTP GET /css/niuwah5.css 304  0ms
2015-05-11 14:09:33.514 - debug: HTTP GET /chsigetcode 200  11ms
2015-05-11 14:09:33.558 - debug: HTTP GET /css/niuwah5.css 200  2ms
2015-05-11 14:10:18.863 - debug: HTTP GET /chsigetcode 304  8ms
2015-05-11 14:10:18.879 - debug: HTTP GET /css/niuwah5.css 200  3ms
2015-05-11 14:10:39.667 - debug: HTTP GET /chsigetcode 304  11ms
2015-05-11 14:10:39.696 - debug: HTTP GET /css/niuwah5.css 200  8ms
2015-05-11 14:10:47.225 - debug: HTTP GET /chsigetcode 200  8ms
2015-05-11 14:10:47.261 - debug: HTTP GET /css/niuwah5.css 200  5ms
2015-05-11 14:11:20.798 - debug: HTTP GET /signup 304  11ms
2015-05-11 14:11:20.809 - debug: HTTP GET /css/niuwah5.css 200  1ms
2015-05-11 14:11:20.811 - debug: HTTP GET /js/libs/zepto.min.js 304  1ms
2015-05-11 14:12:32.279 - debug: HTTP GET /chsigetcode 304  5ms
2015-05-11 14:12:32.286 - debug: HTTP GET /css/niuwah5.css 200  1ms
2015-05-11 14:12:33.608 - debug: HTTP GET /chsigetcode 304  8ms
2015-05-11 14:12:33.623 - debug: HTTP GET /css/niuwah5.css 304  1ms
2015-05-11 14:13:57.457 - debug: HTTP GET /chsigetcode 304  8ms
2015-05-11 14:13:57.465 - debug: HTTP GET /css/niuwah5.css 200  2ms
2015-05-11 14:14:08.696 - debug: HTTP GET /chsigetcode 200  40ms
2015-05-11 14:14:08.736 - debug: HTTP GET /css/niuwah5.css 200  1ms
2015-05-11 14:16:55.195 - debug: HTTP GET /chsigetcode 200  9ms
2015-05-11 14:16:55.217 - debug: HTTP GET /css/niuwah5.css 200  2ms
2015-05-11 14:17:11.652 - debug: HTTP GET /chsigetcode 304  11ms
2015-05-11 14:17:11.666 - debug: HTTP GET /css/niuwah5.css 200  2ms
2015-05-11 14:18:32.077 - debug: HTTP GET /chsigetcode 200  13ms
2015-05-11 14:18:32.095 - debug: HTTP GET /css/niuwah5.css 304  1ms
2015-05-11 14:18:32.106 - debug: HTTP GET /imgs/chsi/01.png 200  2ms
2015-05-11 14:19:16.536 - debug: HTTP GET /chsigetcode 304  9ms
2015-05-11 14:19:16.551 - debug: HTTP GET /css/niuwah5.css 200  1ms
2015-05-11 14:19:16.554 - debug: HTTP GET /imgs/chsi/01.png 304  1ms
2015-05-11 14:19:25.280 - debug: HTTP GET /chsigetcode 200  6ms
2015-05-11 14:19:25.325 - debug: HTTP GET /css/niuwah5.css 200  1ms
2015-05-11 14:19:25.347 - debug: HTTP GET /imgs/chsi/01.png 200  2ms
2015-05-11 14:23:38.473 - debug: HTTP GET / 304  6ms
2015-05-11 14:23:38.479 - debug: HTTP GET /css/jquery.fullPage.css 304  1ms
2015-05-11 14:23:38.480 - debug: HTTP GET /css/earlybird.css 304  2ms
2015-05-11 14:23:38.480 - debug: HTTP GET /js/libs/jquery-1.8.3.min.js 304  2ms
2015-05-11 14:23:38.484 - debug: HTTP GET /js/libs/jquery-ui-1.10.3.min.js 304  0ms
2015-05-11 14:23:38.484 - debug: HTTP GET /js/libs/jquery.fullPage.min.js 304  1ms
2015-05-11 14:23:38.485 - debug: HTTP GET /js/libs/jquery.sha256.min.js 304  1ms
2015-05-11 14:23:38.486 - debug: HTTP GET /imgs/pagenormal.png 304  1ms
2015-05-11 14:23:38.555 - debug: HTTP GET /imgs/bg.png 304  0ms
2015-05-11 14:23:38.556 - debug: HTTP GET /imgs/left-round1.png 304  1ms
2015-05-11 14:23:38.557 - debug: HTTP GET /imgs/left-round2.png 304  1ms
2015-05-11 14:23:38.558 - debug: HTTP GET /imgs/right-round1.png 304  0ms
2015-05-11 14:23:38.559 - debug: HTTP GET /imgs/right-round2.png 304  2ms
2015-05-11 14:23:38.673 - debug: HTTP GET /imgs/earlybird.png 304  1ms
2015-05-11 14:27:12.801 - debug: HTTP GET /chsigetcode 200  9ms
2015-05-11 14:27:12.872 - debug: HTTP GET /css/niuwah5.css 200  5ms
2015-05-11 14:27:12.885 - debug: HTTP GET /imgs/chsi/01.png 304  1ms
2015-05-11 14:28:32.558 - debug: HTTP GET /chsigetcode 200  5ms
2015-05-11 14:28:32.563 - debug: HTTP GET /css/niuwah5.css 200  0ms
2015-05-11 14:28:32.564 - debug: HTTP GET /imgs/chsi/01.png 304  0ms
2015-05-11 14:33:24.867 - debug: HTTP GET /chsigetcode 200  12ms
2015-05-11 14:33:24.890 - debug: HTTP GET /css/niuwah5.css 200  2ms
2015-05-11 14:33:24.894 - debug: HTTP GET /imgs/chsi/01.png 304  0ms
2015-05-11 14:33:36.015 - debug: HTTP GET /chsigetcode 200  10ms
2015-05-11 14:33:36.045 - debug: HTTP GET /css/niuwah5.css 200  2ms
2015-05-11 14:33:36.060 - debug: HTTP GET /imgs/chsi/01.png 304  1ms
2015-05-11 14:35:02.393 - debug: HTTP GET / 304  7ms
2015-05-11 14:35:02.397 - debug: HTTP GET /css/jquery.fullPage.css 304  1ms
2015-05-11 14:35:02.398 - debug: HTTP GET /css/earlybird.css 304  1ms
2015-05-11 14:35:02.399 - debug: HTTP GET /js/libs/jquery-1.8.3.min.js 304  0ms
2015-05-11 14:35:02.403 - debug: HTTP GET /js/libs/jquery-ui-1.10.3.min.js 304  0ms
2015-05-11 14:35:02.404 - debug: HTTP GET /js/libs/jquery.fullPage.min.js 304  0ms
2015-05-11 14:35:02.405 - debug: HTTP GET /js/libs/jquery.sha256.min.js 304  1ms
2015-05-11 14:35:02.407 - debug: HTTP GET /imgs/pagenormal.png 304  0ms
2015-05-11 14:35:02.479 - debug: HTTP GET /imgs/bg.png 304  0ms
2015-05-11 14:35:02.480 - debug: HTTP GET /imgs/left-round1.png 304  1ms
2015-05-11 14:35:02.481 - debug: HTTP GET /imgs/left-round2.png 304  1ms
2015-05-11 14:35:02.481 - debug: HTTP GET /imgs/right-round1.png 304  0ms
2015-05-11 14:35:02.482 - debug: HTTP GET /imgs/right-round2.png 304  1ms
2015-05-11 14:35:02.483 - debug: HTTP GET /imgs/earlybird.png 304  0ms
2015-05-11 14:35:04.285 - debug: HTTP GET / 304  5ms
2015-05-11 14:35:04.295 - debug: HTTP GET /css/jquery.fullPage.css 304  1ms
2015-05-11 14:35:04.295 - debug: HTTP GET /css/earlybird.css 304  1ms
2015-05-11 14:35:04.296 - debug: HTTP GET /js/libs/jquery-1.8.3.min.js 304  0ms
2015-05-11 14:35:04.301 - debug: HTTP GET /js/libs/jquery-ui-1.10.3.min.js 304  0ms
2015-05-11 14:35:04.302 - debug: HTTP GET /js/libs/jquery.fullPage.min.js 304  1ms
2015-05-11 14:35:04.303 - debug: HTTP GET /js/libs/jquery.sha256.min.js 304  1ms
2015-05-11 14:35:04.304 - debug: HTTP GET /imgs/pagenormal.png 304  1ms
2015-05-11 14:35:04.376 - debug: HTTP GET /imgs/bg.png 304  1ms
2015-05-11 14:35:04.377 - debug: HTTP GET /imgs/left-round1.png 304  0ms
2015-05-11 14:35:04.378 - debug: HTTP GET /imgs/left-round2.png 304  1ms
2015-05-11 14:35:04.379 - debug: HTTP GET /imgs/right-round1.png 304  2ms
2015-05-11 14:35:04.380 - debug: HTTP GET /imgs/right-round2.png 304  2ms
2015-05-11 14:35:04.381 - debug: HTTP GET /imgs/earlybird.png 304  1ms
2015-05-11 14:35:05.565 - debug: HTTP GET / 304  5ms
2015-05-11 14:35:05.578 - debug: HTTP GET /css/jquery.fullPage.css 304  1ms
2015-05-11 14:35:05.579 - debug: HTTP GET /css/earlybird.css 304  1ms
2015-05-11 14:35:05.581 - debug: HTTP GET /js/libs/jquery-1.8.3.min.js 304  1ms
2015-05-11 14:35:05.585 - debug: HTTP GET /js/libs/jquery-ui-1.10.3.min.js 304  1ms
2015-05-11 14:35:05.586 - debug: HTTP GET /js/libs/jquery.fullPage.min.js 304  1ms
2015-05-11 14:35:05.586 - debug: HTTP GET /imgs/pagenormal.png 304  2ms
2015-05-11 14:35:05.587 - debug: HTTP GET /js/libs/jquery.sha256.min.js 304  3ms
2015-05-11 14:35:05.659 - debug: HTTP GET /imgs/bg.png 304  1ms
2015-05-11 14:35:05.661 - debug: HTTP GET /imgs/left-round1.png 304  1ms
2015-05-11 14:35:05.662 - debug: HTTP GET /imgs/left-round2.png 304  1ms
2015-05-11 14:35:05.665 - debug: HTTP GET /imgs/right-round1.png 304  5ms
2015-05-11 14:35:05.666 - debug: HTTP GET /imgs/right-round2.png 304  5ms
2015-05-11 14:35:05.668 - debug: HTTP GET /imgs/earlybird.png 304  2ms
2015-05-11 14:39:03.578 - debug: HTTP GET / 304  6ms
2015-05-11 14:39:03.583 - debug: HTTP GET /css/jquery.fullPage.css 304  0ms
2015-05-11 14:39:03.584 - debug: HTTP GET /css/earlybird.css 304  2ms
2015-05-11 14:39:03.584 - debug: HTTP GET /js/libs/jquery-1.8.3.min.js 304  3ms
2015-05-11 14:39:03.589 - debug: HTTP GET /js/libs/jquery-ui-1.10.3.min.js 304  1ms
2015-05-11 14:39:03.590 - debug: HTTP GET /js/libs/jquery.fullPage.min.js 304  0ms
2015-05-11 14:39:03.591 - debug: HTTP GET /js/libs/jquery.sha256.min.js 304  1ms
2015-05-11 14:39:03.592 - debug: HTTP GET /imgs/pagenormal.png 304  1ms
2015-05-11 14:39:03.658 - debug: HTTP GET /imgs/bg.png 304  0ms
2015-05-11 14:39:03.659 - debug: HTTP GET /imgs/left-round1.png 304  0ms
2015-05-11 14:39:03.660 - debug: HTTP GET /imgs/left-round2.png 304  1ms
2015-05-11 14:39:03.661 - debug: HTTP GET /imgs/right-round1.png 304  0ms
2015-05-11 14:39:03.661 - debug: HTTP GET /imgs/right-round2.png 304  1ms
2015-05-11 14:39:03.662 - debug: HTTP GET /imgs/earlybird.png 304  1ms
2015-05-11 14:39:11.160 - debug: HTTP GET /chsigetcode 200  4ms
2015-05-11 14:39:11.172 - debug: HTTP GET /css/niuwah5.css 200  1ms
2015-05-11 14:39:11.173 - debug: HTTP GET /imgs/chsi/01.png 200  2ms
2015-05-11 14:51:39.159 - debug: HTTP GET /tixian 200  42ms
2015-05-11 14:51:39.199 - debug: HTTP GET /css/niuwah5.css 200  10ms
2015-05-11 14:52:18.469 - debug: HTTP GET /tixian 200  12ms
2015-05-11 14:52:18.504 - debug: HTTP GET /css/niuwah5.css 200  3ms
2015-05-11 15:49:06.171 - debug: HTTP GET /chsigetcode 200  17ms
2015-05-11 15:49:06.215 - debug: HTTP GET /css/niuwah5.css 304  2ms
2015-05-11 15:49:06.224 - debug: HTTP GET /imgs/chsi/01.png 304  2ms
2015-05-11 15:52:15.808 - debug: HTTP GET /chsigetcode 200  14ms
2015-05-11 15:52:15.849 - debug: HTTP GET /imgs/chsi/01.png 304  4ms
2015-05-11 15:52:15.854 - debug: HTTP GET /css/niuwah5.css 200  18ms
2015-05-11 15:52:15.857 - debug: HTTP GET /imgs/chsi/02.png 200  5ms
2015-05-11 15:52:15.865 - debug: HTTP GET /imgs/chsi/03.png 200  5ms
2015-05-11 15:52:15.869 - debug: HTTP GET /imgs/chsi/05.png 200  8ms
2015-05-11 15:52:15.871 - debug: HTTP GET /imgs/chsi/04.png 200  13ms
2015-05-11 15:52:15.896 - debug: HTTP GET /imgs/chsi/06.png 200  12ms
2015-05-11 15:52:15.932 - debug: HTTP GET /imgs/chsi/07.png 200  64ms
2015-05-11 15:52:15.943 - debug: HTTP GET /imgs/chsi/08.png 200  10ms
2015-05-11 15:52:34.200 - debug: HTTP GET /chsigetcode 200  4ms
2015-05-11 15:52:34.255 - debug: HTTP GET /css/niuwah5.css 304  0ms
2015-05-11 15:52:34.262 - debug: HTTP GET /imgs/chsi/01.png 304  1ms
2015-05-11 15:52:34.279 - debug: HTTP GET /imgs/chsi/03.png 200  3ms
2015-05-11 15:52:34.282 - debug: HTTP GET /imgs/chsi/02.png 200  7ms
2015-05-11 15:52:34.292 - debug: HTTP GET /imgs/chsi/04.png 200  3ms
2015-05-11 15:52:34.309 - debug: HTTP GET /imgs/chsi/05.png 200  3ms
2015-05-11 15:52:34.326 - debug: HTTP GET /imgs/chsi/06.png 200  2ms
2015-05-11 15:52:34.332 - debug: HTTP GET /imgs/chsi/07.png 200  2ms
2015-05-11 15:52:34.359 - debug: HTTP GET /imgs/chsi/08.png 200  4ms
2015-05-11 15:57:46.946 - debug: HTTP GET /tixian 200  9ms
2015-05-11 15:57:46.993 - debug: HTTP GET /css/niuwah5.css 200  2ms
2015-05-11 16:02:40.597 - debug: HTTP GET /chongzhi 200  5ms
2015-05-11 16:02:40.604 - debug: HTTP GET /css/niuwah5.css 304  0ms
2015-05-11 16:04:14.482 - debug: HTTP GET /chsigetcode 200  11ms
2015-05-11 16:04:14.532 - debug: HTTP GET /css/niuwah5.css 304  1ms
2015-05-11 16:04:14.553 - debug: HTTP GET /imgs/chsi/01.png 200  2ms
2015-05-11 16:04:14.607 - debug: HTTP GET /imgs/chsi/03.png 200  1ms
2015-05-11 16:04:14.610 - debug: HTTP GET /imgs/chsi/05.png 200  1ms
2015-05-11 16:04:14.617 - debug: HTTP GET /imgs/chsi/04.png 200  4ms
2015-05-11 16:04:14.621 - debug: HTTP GET /imgs/chsi/06.png 200  1ms
2015-05-11 16:04:14.624 - debug: HTTP GET /imgs/chsi/07.png 200  1ms
2015-05-11 16:04:14.639 - debug: HTTP GET /imgs/chsi/02.png 200  1ms
2015-05-11 16:04:14.664 - debug: HTTP GET /imgs/chsi/08.png 200  3ms
2015-05-11 16:05:00.926 - debug: HTTP GET /chsigetcode 200  9ms
2015-05-11 16:05:00.962 - debug: HTTP GET /css/niuwah5.css 304  1ms
2015-05-11 16:05:00.976 - debug: HTTP GET /imgs/chsi/01.png 304  1ms
2015-05-11 16:05:00.984 - debug: HTTP GET /imgs/chsi/02.png 304  1ms
2015-05-11 16:05:00.990 - debug: HTTP GET /imgs/chsi/03.png 304  2ms
2015-05-11 16:05:00.993 - debug: HTTP GET /imgs/chsi/04.png 304  3ms
2015-05-11 16:05:00.997 - debug: HTTP GET /imgs/chsi/05.png 304  0ms
2015-05-11 16:05:01.002 - debug: HTTP GET /imgs/chsi/06.png 304  1ms
2015-05-11 16:05:01.007 - debug: HTTP GET /imgs/chsi/07.png 304  1ms
2015-05-11 16:05:01.011 - debug: HTTP GET /imgs/chsi/08.png 304  1ms
2015-05-11 16:07:54.703 - debug: HTTP GET /tixian 304  7ms
2015-05-11 16:07:54.753 - debug: HTTP GET /css/niuwah5.css 304  0ms
2015-05-11 16:08:13.057 - debug: HTTP GET /test1 200  10ms
2015-05-11 16:18:33.521 - debug: HTTP GET /test1 200  8ms
2015-05-11 16:18:51.462 - debug: HTTP GET /tixian 200  10ms
2015-05-11 16:18:51.508 - debug: HTTP GET /css/niuwah5.css 200  3ms
2015-05-11 16:19:09.901 - debug: HTTP GET /tixian 200  4ms
2015-05-11 16:19:09.956 - debug: HTTP GET /css/niuwah5.css 200  2ms
2015-05-11 16:19:56.457 - debug: HTTP GET /tixian 200  9ms
2015-05-11 16:19:56.543 - debug: HTTP GET /css/niuwah5.css 200  4ms
2015-05-11 16:20:17.655 - debug: HTTP GET /tixian 200  5ms
2015-05-11 16:20:17.690 - debug: HTTP GET /css/niuwah5.css 200  3ms
2015-05-11 16:20:33.049 - debug: HTTP GET /tixian 200  6ms
2015-05-11 16:20:33.063 - debug: HTTP GET /css/niuwah5.css 200  2ms
2015-05-11 16:21:08.971 - debug: HTTP GET /tixian 200  25ms
2015-05-11 16:21:09.002 - debug: HTTP GET /css/niuwah5.css 304  0ms
2015-05-11 16:21:17.786 - debug: HTTP GET /tixian 200  10ms
2015-05-11 16:21:17.807 - debug: HTTP GET /css/niuwah5.css 304  0ms
2015-05-11 16:21:33.910 - debug: HTTP GET /tixian 304  8ms
2015-05-11 16:21:33.930 - debug: HTTP GET /css/niuwah5.css 200  2ms
2015-05-11 16:21:43.330 - debug: HTTP GET /tixian 200  15ms
2015-05-11 16:21:43.363 - debug: HTTP GET /css/niuwah5.css 200  1ms
2015-05-11 16:23:11.327 - debug: HTTP GET /tixian 304  13ms
2015-05-11 16:23:11.339 - debug: HTTP GET /css/niuwah5.css 304  1ms
2015-05-11 16:23:16.696 - debug: HTTP GET /chsigetcode 200  8ms
2015-05-11 16:23:16.714 - debug: HTTP GET /css/niuwah5.css 304  1ms
2015-05-11 16:23:16.717 - debug: HTTP GET /imgs/chsi/01.png 304  1ms
2015-05-11 16:23:16.731 - debug: HTTP GET /imgs/chsi/03.png 200  6ms
2015-05-11 16:23:16.734 - debug: HTTP GET /imgs/chsi/02.png 200  11ms
2015-05-11 16:23:16.735 - debug: HTTP GET /imgs/chsi/05.png 200  7ms
2015-05-11 16:23:16.739 - debug: HTTP GET /imgs/chsi/04.png 200  10ms
2015-05-11 16:23:16.745 - debug: HTTP GET /imgs/chsi/06.png 200  11ms
2015-05-11 16:23:16.813 - debug: HTTP GET /imgs/chsi/07.png 200  9ms
2015-05-11 16:23:16.900 - debug: HTTP GET /imgs/chsi/08.png 200  2ms
2015-05-11 16:24:08.629 - debug: HTTP GET /chsigetcode 200  8ms
2015-05-11 16:24:08.675 - debug: HTTP GET /css/niuwah5.css 200  1ms
2015-05-11 16:24:08.690 - debug: HTTP GET /imgs/chsi/01.png 304  1ms
2015-05-11 16:24:08.707 - debug: HTTP GET /imgs/chsi/03.png 304  1ms
2015-05-11 16:24:08.777 - debug: HTTP GET /imgs/chsi/02.png 304  1ms
2015-05-11 16:24:08.780 - debug: HTTP GET /imgs/chsi/04.png 304  1ms
2015-05-11 16:24:08.785 - debug: HTTP GET /imgs/chsi/05.png 304  1ms
2015-05-11 16:24:08.790 - debug: HTTP GET /imgs/chsi/06.png 304  0ms
2015-05-11 16:24:08.798 - debug: HTTP GET /imgs/chsi/07.png 304  0ms
2015-05-11 16:24:08.819 - debug: HTTP GET /imgs/chsi/08.png 304  1ms
2015-05-11 16:25:58.517 - debug: HTTP GET /chsigetcode 200  11ms
2015-05-11 16:25:58.532 - debug: HTTP GET /css/niuwah5.css 200  1ms
2015-05-11 16:25:58.543 - debug: HTTP GET /imgs/chsi/01.png 304  0ms
2015-05-11 16:25:58.547 - debug: HTTP GET /imgs/chsi/02.png 304  1ms
2015-05-11 16:25:58.549 - debug: HTTP GET /imgs/chsi/03.png 304  3ms
2015-05-11 16:25:58.550 - debug: HTTP GET /imgs/chsi/04.png 304  5ms
2015-05-11 16:25:58.552 - debug: HTTP GET /imgs/chsi/05.png 304  7ms
2015-05-11 16:25:58.557 - debug: HTTP GET /imgs/chsi/07.png 304  8ms
2015-05-11 16:25:58.558 - debug: HTTP GET /imgs/chsi/06.png 304  12ms
2015-05-11 16:25:58.559 - debug: HTTP GET /imgs/chsi/08.png 304  0ms
2015-05-11 16:26:24.359 - debug: HTTP GET /chsigetcode 200  9ms
2015-05-11 16:26:24.379 - debug: HTTP GET /css/niuwah5.css 304  1ms
2015-05-11 16:26:24.381 - debug: HTTP GET /imgs/chsi/01.png 304  0ms
2015-05-11 16:26:24.387 - debug: HTTP GET /imgs/chsi/02.png 304  1ms
2015-05-11 16:26:24.389 - debug: HTTP GET /imgs/chsi/03.png 304  1ms
2015-05-11 16:26:24.393 - debug: HTTP GET /imgs/chsi/05.png 304  1ms
2015-05-11 16:26:24.397 - debug: HTTP GET /imgs/chsi/06.png 304  4ms
2015-05-11 16:26:24.407 - debug: HTTP GET /imgs/chsi/04.png 304  8ms
2015-05-11 16:26:24.410 - debug: HTTP GET /imgs/chsi/07.png 304  2ms
2015-05-11 16:26:24.412 - debug: HTTP GET /imgs/chsi/08.png 304  3ms
2015-05-11 16:26:39.048 - debug: HTTP GET /chsigetcode 200  9ms
2015-05-11 16:26:39.076 - debug: HTTP GET /css/niuwah5.css 304  1ms
2015-05-11 16:26:39.078 - debug: HTTP GET /imgs/chsi/01.png 304  0ms
2015-05-11 16:26:39.085 - debug: HTTP GET /imgs/chsi/02.png 304  1ms
2015-05-11 16:26:39.088 - debug: HTTP GET /imgs/chsi/03.png 304  6ms
2015-05-11 16:26:39.090 - debug: HTTP GET /imgs/chsi/04.png 304  9ms
2015-05-11 16:26:39.092 - debug: HTTP GET /imgs/chsi/05.png 304  1ms
2015-05-11 16:26:39.093 - debug: HTTP GET /imgs/chsi/06.png 304  2ms
2015-05-11 16:26:39.095 - debug: HTTP GET /imgs/chsi/07.png 304  3ms
2015-05-11 16:26:39.097 - debug: HTTP GET /imgs/chsi/08.png 304  4ms
2015-05-11 16:26:48.416 - debug: HTTP GET /chsigetcode 200  9ms
2015-05-11 16:26:48.455 - debug: HTTP GET /css/niuwah5.css 200  2ms
2015-05-11 16:26:48.461 - debug: HTTP GET /imgs/chsi/01.png 304  1ms
2015-05-11 16:26:48.473 - debug: HTTP GET /imgs/chsi/02.png 304  1ms
2015-05-11 16:26:48.483 - debug: HTTP GET /imgs/chsi/03.png 304  1ms
2015-05-11 16:26:48.486 - debug: HTTP GET /imgs/chsi/04.png 304  4ms
2015-05-11 16:26:48.509 - debug: HTTP GET /imgs/chsi/05.png 304  7ms
2015-05-11 16:26:48.511 - debug: HTTP GET /imgs/chsi/06.png 304  11ms
2015-05-11 16:26:48.514 - debug: HTTP GET /imgs/chsi/07.png 304  12ms
2015-05-11 16:26:48.518 - debug: HTTP GET /imgs/chsi/08.png 304  0ms
2015-05-11 16:27:21.018 - debug: HTTP GET /chsigetcode 200  5ms
2015-05-11 16:27:21.024 - debug: HTTP GET /css/niuwah5.css 304  0ms
2015-05-11 16:27:21.025 - debug: HTTP GET /imgs/chsi/01.png 304  0ms
2015-05-11 16:27:21.027 - debug: HTTP GET /imgs/chsi/02.png 304  1ms
2015-05-11 16:27:21.028 - debug: HTTP GET /imgs/chsi/03.png 304  0ms
2015-05-11 16:27:21.029 - debug: HTTP GET /imgs/chsi/04.png 304  0ms
2015-05-11 16:27:21.030 - debug: HTTP GET /imgs/chsi/05.png 304  0ms
2015-05-11 16:27:21.030 - debug: HTTP GET /imgs/chsi/06.png 304  0ms
2015-05-11 16:27:21.032 - debug: HTTP GET /imgs/chsi/07.png 304  1ms
2015-05-11 16:27:21.035 - debug: HTTP GET /imgs/chsi/08.png 304  1ms
2015-05-11 16:33:00.063 - debug: HTTP GET / 304  44ms
2015-05-11 16:33:00.073 - debug: HTTP GET /css/jquery.fullPage.css 304  5ms
2015-05-11 16:33:00.074 - debug: HTTP GET /css/earlybird.css 304  6ms
2015-05-11 16:33:00.089 - debug: HTTP GET /js/libs/jquery.sha256.min.js 304  12ms
2015-05-11 16:33:00.090 - debug: HTTP GET /imgs/pagenormal.png 304  1ms
2015-05-11 16:33:00.147 - debug: HTTP GET /imgs/bg.png 304  1ms
2015-05-11 16:33:00.149 - debug: HTTP GET /imgs/left-round1.png 304  1ms
2015-05-11 16:33:00.151 - debug: HTTP GET /imgs/left-round2.png 304  3ms
2015-05-11 16:33:00.151 - debug: HTTP GET /imgs/right-round1.png 304  2ms
2015-05-11 16:33:00.152 - debug: HTTP GET /imgs/right-round2.png 304  2ms
2015-05-11 16:33:00.153 - debug: HTTP GET /imgs/earlybird.png 304  2ms
2015-05-11 16:33:03.652 - debug: HTTP GET / 304  5ms
2015-05-11 16:33:03.657 - debug: HTTP GET /css/jquery.fullPage.css 304  1ms
2015-05-11 16:33:03.658 - debug: HTTP GET /css/earlybird.css 304  1ms
2015-05-11 16:33:03.659 - debug: HTTP GET /js/libs/jquery-1.8.3.min.js 304  1ms
2015-05-11 16:33:03.663 - debug: HTTP GET /js/libs/jquery-ui-1.10.3.min.js 304  1ms
2015-05-11 16:33:03.665 - debug: HTTP GET /js/libs/jquery.fullPage.min.js 304  1ms
2015-05-11 16:33:03.666 - debug: HTTP GET /js/libs/jquery.sha256.min.js 304  2ms
2015-05-11 16:33:03.667 - debug: HTTP GET /imgs/pagenormal.png 304  2ms
2015-05-11 16:33:03.726 - debug: HTTP GET /js/libs/jquery.fullPage.min.js 304  0ms
2015-05-11 16:33:03.729 - debug: HTTP GET /js/libs/jquery.sha256.min.js 304  1ms
2015-05-11 16:33:03.732 - debug: HTTP GET /imgs/pagenormal.png 304  0ms
2015-05-11 16:33:03.735 - debug: HTTP GET /imgs/bg.png 304  1ms
2015-05-11 16:33:03.736 - debug: HTTP GET /imgs/left-round1.png 304  0ms
2015-05-11 16:33:03.737 - debug: HTTP GET /imgs/left-round2.png 304  1ms
2015-05-11 16:33:03.738 - debug: HTTP GET /imgs/right-round1.png 304  1ms
2015-05-11 16:33:03.738 - debug: HTTP GET /imgs/right-round2.png 304  2ms
2015-05-11 16:33:03.739 - debug: HTTP GET /imgs/earlybird.png 304  1ms
2015-05-11 16:33:26.340 - error: middlewareError date=Mon May 11 2015 16:33:26 GMT+0800 (中国标准时间), pid=3268, uid=null, gid=null, cwd=E:\Tech\trunk\niuwa-p2pweb\niuwap2p_promo, execPath=C:\Program Files\nodejs\node.exe, version=v0.10.36, argv=[node, E:\Tech\trunk\niuwa-p2pweb\niuwap2p_promo\bin\www.4000], rss=55246848, heapTotal=54096128, heapUsed=20475664, loadavg=[0, 0, 0], uptime=37260.1910201, trace=[column=17, file=E:\Tech\trunk\niuwa-p2pweb\niuwap2p_promo\node_modules\express\lib\application.js, function=EventEmitter.app.render, line=519, method=app.render, native=false, column=7, file=E:\Tech\trunk\niuwa-p2pweb\niuwap2p_promo\node_modules\express\lib\response.js, function=ServerResponse.res.render, line=933, method=res.render, native=false, column=6, file=E:\Tech\trunk\niuwa-p2pweb\niuwap2p_promo\app.js, function=app.use.expressWinston.errorLogger.winstonInstance, line=79, method=use.expressWinston.errorLogger.winstonInstance, native=false, column=5, file=E:\Tech\trunk\niuwa-p2pweb\niuwap2p_promo\node_modules\express\lib\router\layer.js, function=Layer.handle [as handle_request], line=82, method=handle [as handle_request], native=false, column=13, file=E:\Tech\trunk\niuwa-p2pweb\niuwap2p_promo\node_modules\express\lib\router\index.js, function=trim_prefix, line=302, method=null, native=false, column=7, file=E:\Tech\trunk\niuwa-p2pweb\niuwap2p_promo\node_modules\express\lib\router\index.js, function=null, line=270, method=null, native=false, column=12, file=E:\Tech\trunk\niuwa-p2pweb\niuwap2p_promo\node_modules\express\lib\router\index.js, function=Function.proto.process_params, line=321, method=proto.process_params, native=false, column=10, file=E:\Tech\trunk\niuwa-p2pweb\niuwap2p_promo\node_modules\express\lib\router\index.js, function=next, line=261, method=null, native=false, column=15, file=E:\Tech\trunk\niuwa-p2pweb\niuwap2p_promo\node_modules\express\lib\router\index.js, function=null, line=603, method=null, native=false, column=14, file=E:\Tech\trunk\niuwa-p2pweb\niuwap2p_promo\node_modules\express\lib\router\index.js, function=next, line=246, method=null, native=false], stack=[Error: Failed to lookup view "notfound" in views directory "E:\Tech\trunk\niuwa-p2pweb\niuwap2p_promo\views",     at EventEmitter.app.render (E:\Tech\trunk\niuwa-p2pweb\niuwap2p_promo\node_modules\express\lib\application.js:519:17),     at ServerResponse.res.render (E:\Tech\trunk\niuwa-p2pweb\niuwap2p_promo\node_modules\express\lib\response.js:933:7),     at app.use.expressWinston.errorLogger.winstonInstance (E:\Tech\trunk\niuwa-p2pweb\niuwap2p_promo\app.js:79:6),     at Layer.handle [as handle_request] (E:\Tech\trunk\niuwa-p2pweb\niuwap2p_promo\node_modules\express\lib\router\layer.js:82:5),     at trim_prefix (E:\Tech\trunk\niuwa-p2pweb\niuwap2p_promo\node_modules\express\lib\router\index.js:302:13),     at E:\Tech\trunk\niuwa-p2pweb\niuwap2p_promo\node_modules\express\lib\router\index.js:270:7,     at Function.proto.process_params (E:\Tech\trunk\niuwa-p2pweb\niuwap2p_promo\node_modules\express\lib\router\index.js:321:12),     at next (E:\Tech\trunk\niuwa-p2pweb\niuwap2p_promo\node_modules\express\lib\router\index.js:261:10),     at E:\Tech\trunk\niuwa-p2pweb\niuwap2p_promo\node_modules\express\lib\router\index.js:603:15,     at next (E:\Tech\trunk\niuwa-p2pweb\niuwap2p_promo\node_modules\express\lib\router\index.js:246:14)], url=/banner1_960-375.jpg, host=localhost:4000, connection=keep-alive, accept=text/html,application/xhtml+xml,application/xml;q=0.9,image/webp,*/*;q=0.8, user-agent=Mozilla/5.0 (Windows NT 6.1; WOW64) AppleWebKit/537.36 (KHTML, like Gecko) Chrome/41.0.2272.89 Safari/537.36, accept-encoding=gzip, deflate, sdch, accept-language=zh-CN,zh;q=0.8, cookie=nw_udname=daimonlove2; nw_wsid=s%3AQN-abDoHm1MQZnT65-Uk6Z3TPiQoUqVE.Ki3DLAGT2G7mE01da8XcImaNn0lF9ne6r8Ueikk9cGg, method=GET, httpVersion=1.1, originalUrl=/banner1_960-375.jpg, 
2015-05-11 16:33:26.344 - debug: HTTP GET /banner1_960-375.jpg 500  34ms
2015-05-11 16:33:42.265 - error: middlewareError date=Mon May 11 2015 16:33:42 GMT+0800 (中国标准时间), pid=3268, uid=null, gid=null, cwd=E:\Tech\trunk\niuwa-p2pweb\niuwap2p_promo, execPath=C:\Program Files\nodejs\node.exe, version=v0.10.36, argv=[node, E:\Tech\trunk\niuwa-p2pweb\niuwap2p_promo\bin\www.4000], rss=55734272, heapTotal=54096128, heapUsed=21037840, loadavg=[0, 0, 0], uptime=37276.1049303, trace=[column=17, file=E:\Tech\trunk\niuwa-p2pweb\niuwap2p_promo\node_modules\express\lib\application.js, function=EventEmitter.app.render, line=519, method=app.render, native=false, column=7, file=E:\Tech\trunk\niuwa-p2pweb\niuwap2p_promo\node_modules\express\lib\response.js, function=ServerResponse.res.render, line=933, method=res.render, native=false, column=6, file=E:\Tech\trunk\niuwa-p2pweb\niuwap2p_promo\app.js, function=app.use.expressWinston.errorLogger.winstonInstance, line=79, method=use.expressWinston.errorLogger.winstonInstance, native=false, column=5, file=E:\Tech\trunk\niuwa-p2pweb\niuwap2p_promo\node_modules\express\lib\router\layer.js, function=Layer.handle [as handle_request], line=82, method=handle [as handle_request], native=false, column=13, file=E:\Tech\trunk\niuwa-p2pweb\niuwap2p_promo\node_modules\express\lib\router\index.js, function=trim_prefix, line=302, method=null, native=false, column=7, file=E:\Tech\trunk\niuwa-p2pweb\niuwap2p_promo\node_modules\express\lib\router\index.js, function=null, line=270, method=null, native=false, column=12, file=E:\Tech\trunk\niuwa-p2pweb\niuwap2p_promo\node_modules\express\lib\router\index.js, function=Function.proto.process_params, line=321, method=proto.process_params, native=false, column=10, file=E:\Tech\trunk\niuwa-p2pweb\niuwap2p_promo\node_modules\express\lib\router\index.js, function=next, line=261, method=null, native=false, column=15, file=E:\Tech\trunk\niuwa-p2pweb\niuwap2p_promo\node_modules\express\lib\router\index.js, function=null, line=603, method=null, native=false, column=14, file=E:\Tech\trunk\niuwa-p2pweb\niuwap2p_promo\node_modules\express\lib\router\index.js, function=next, line=246, method=null, native=false], stack=[Error: Failed to lookup view "notfound" in views directory "E:\Tech\trunk\niuwa-p2pweb\niuwap2p_promo\views",     at EventEmitter.app.render (E:\Tech\trunk\niuwa-p2pweb\niuwap2p_promo\node_modules\express\lib\application.js:519:17),     at ServerResponse.res.render (E:\Tech\trunk\niuwa-p2pweb\niuwap2p_promo\node_modules\express\lib\response.js:933:7),     at app.use.expressWinston.errorLogger.winstonInstance (E:\Tech\trunk\niuwa-p2pweb\niuwap2p_promo\app.js:79:6),     at Layer.handle [as handle_request] (E:\Tech\trunk\niuwa-p2pweb\niuwap2p_promo\node_modules\express\lib\router\layer.js:82:5),     at trim_prefix (E:\Tech\trunk\niuwa-p2pweb\niuwap2p_promo\node_modules\express\lib\router\index.js:302:13),     at E:\Tech\trunk\niuwa-p2pweb\niuwap2p_promo\node_modules\express\lib\router\index.js:270:7,     at Function.proto.process_params (E:\Tech\trunk\niuwa-p2pweb\niuwap2p_promo\node_modules\express\lib\router\index.js:321:12),     at next (E:\Tech\trunk\niuwa-p2pweb\niuwap2p_promo\node_modules\express\lib\router\index.js:261:10),     at E:\Tech\trunk\niuwa-p2pweb\niuwap2p_promo\node_modules\express\lib\router\index.js:603:15,     at next (E:\Tech\trunk\niuwa-p2pweb\niuwap2p_promo\node_modules\express\lib\router\index.js:246:14)], url=/public/imgs/chsi/, host=localhost:4000, connection=keep-alive, accept=text/html,application/xhtml+xml,application/xml;q=0.9,image/webp,*/*;q=0.8, user-agent=Mozilla/5.0 (Windows NT 6.1; WOW64) AppleWebKit/537.36 (KHTML, like Gecko) Chrome/41.0.2272.89 Safari/537.36, accept-encoding=gzip, deflate, sdch, accept-language=zh-CN,zh;q=0.8, cookie=nw_udname=daimonlove2; nw_wsid=s%3AQN-abDoHm1MQZnT65-Uk6Z3TPiQoUqVE.Ki3DLAGT2G7mE01da8XcImaNn0lF9ne6r8Ueikk9cGg, method=GET, httpVersion=1.1, originalUrl=/public/imgs/chsi/, 
2015-05-11 16:33:42.287 - debug: HTTP GET /public/imgs/chsi/ 500  47ms
2015-05-11 16:33:00.075 - debug: HTTP GET /js/libs/jquery-1.8.3.min.js 304  7ms
2015-05-11 16:33:00.076 - debug: HTTP GET /js/libs/jquery-ui-1.10.3.min.js 304  0ms
2015-05-11 16:33:00.088 - debug: HTTP GET /js/libs/jquery.fullPage.min.js 304  0ms
2015-05-11 16:35:36.740 - error: middlewareError date=Mon May 11 2015 16:35:36 GMT+0800 (中国标准时间), pid=3268, uid=null, gid=null, cwd=E:\Tech\trunk\niuwa-p2pweb\niuwap2p_promo, execPath=C:\Program Files\nodejs\node.exe, version=v0.10.36, argv=[node, E:\Tech\trunk\niuwa-p2pweb\niuwap2p_promo\bin\www.4000], rss=55795712, heapTotal=54096128, heapUsed=21505240, loadavg=[0, 0, 0], uptime=37390.5914786, trace=[column=17, file=E:\Tech\trunk\niuwa-p2pweb\niuwap2p_promo\node_modules\express\lib\application.js, function=EventEmitter.app.render, line=519, method=app.render, native=false, column=7, file=E:\Tech\trunk\niuwa-p2pweb\niuwap2p_promo\node_modules\express\lib\response.js, function=ServerResponse.res.render, line=933, method=res.render, native=false, column=6, file=E:\Tech\trunk\niuwa-p2pweb\niuwap2p_promo\app.js, function=app.use.expressWinston.errorLogger.winstonInstance, line=79, method=use.expressWinston.errorLogger.winstonInstance, native=false, column=5, file=E:\Tech\trunk\niuwa-p2pweb\niuwap2p_promo\node_modules\express\lib\router\layer.js, function=Layer.handle [as handle_request], line=82, method=handle [as handle_request], native=false, column=13, file=E:\Tech\trunk\niuwa-p2pweb\niuwap2p_promo\node_modules\express\lib\router\index.js, function=trim_prefix, line=302, method=null, native=false, column=7, file=E:\Tech\trunk\niuwa-p2pweb\niuwap2p_promo\node_modules\express\lib\router\index.js, function=null, line=270, method=null, native=false, column=12, file=E:\Tech\trunk\niuwa-p2pweb\niuwap2p_promo\node_modules\express\lib\router\index.js, function=Function.proto.process_params, line=321, method=proto.process_params, native=false, column=10, file=E:\Tech\trunk\niuwa-p2pweb\niuwap2p_promo\node_modules\express\lib\router\index.js, function=next, line=261, method=null, native=false, column=15, file=E:\Tech\trunk\niuwa-p2pweb\niuwap2p_promo\node_modules\express\lib\router\index.js, function=null, line=603, method=null, native=false, column=14, file=E:\Tech\trunk\niuwa-p2pweb\niuwap2p_promo\node_modules\express\lib\router\index.js, function=next, line=246, method=null, native=false], stack=[Error: Failed to lookup view "notfound" in views directory "E:\Tech\trunk\niuwa-p2pweb\niuwap2p_promo\views",     at EventEmitter.app.render (E:\Tech\trunk\niuwa-p2pweb\niuwap2p_promo\node_modules\express\lib\application.js:519:17),     at ServerResponse.res.render (E:\Tech\trunk\niuwa-p2pweb\niuwap2p_promo\node_modules\express\lib\response.js:933:7),     at app.use.expressWinston.errorLogger.winstonInstance (E:\Tech\trunk\niuwa-p2pweb\niuwap2p_promo\app.js:79:6),     at Layer.handle [as handle_request] (E:\Tech\trunk\niuwa-p2pweb\niuwap2p_promo\node_modules\express\lib\router\layer.js:82:5),     at trim_prefix (E:\Tech\trunk\niuwa-p2pweb\niuwap2p_promo\node_modules\express\lib\router\index.js:302:13),     at E:\Tech\trunk\niuwa-p2pweb\niuwap2p_promo\node_modules\express\lib\router\index.js:270:7,     at Function.proto.process_params (E:\Tech\trunk\niuwa-p2pweb\niuwap2p_promo\node_modules\express\lib\router\index.js:321:12),     at next (E:\Tech\trunk\niuwa-p2pweb\niuwap2p_promo\node_modules\express\lib\router\index.js:261:10),     at E:\Tech\trunk\niuwa-p2pweb\niuwap2p_promo\node_modules\express\lib\router\index.js:603:15,     at next (E:\Tech\trunk\niuwa-p2pweb\niuwap2p_promo\node_modules\express\lib\router\index.js:246:14)], url=/public/imgs/chsi/07.png, host=localhost:4000, connection=keep-alive, accept=text/html,application/xhtml+xml,application/xml;q=0.9,image/webp,*/*;q=0.8, user-agent=Mozilla/5.0 (Windows NT 6.1; WOW64) AppleWebKit/537.36 (KHTML, like Gecko) Chrome/41.0.2272.89 Safari/537.36, accept-encoding=gzip, deflate, sdch, accept-language=zh-CN,zh;q=0.8, cookie=nw_udname=daimonlove2; nw_wsid=s%3AQN-abDoHm1MQZnT65-Uk6Z3TPiQoUqVE.Ki3DLAGT2G7mE01da8XcImaNn0lF9ne6r8Ueikk9cGg, method=GET, httpVersion=1.1, originalUrl=/public/imgs/chsi/07.png, 
2015-05-11 16:35:36.746 - debug: HTTP GET /public/imgs/chsi/07.png 500  19ms
2015-05-11 16:35:40.031 - error: middlewareError date=Mon May 11 2015 16:35:40 GMT+0800 (中国标准时间), pid=3268, uid=null, gid=null, cwd=E:\Tech\trunk\niuwa-p2pweb\niuwap2p_promo, execPath=C:\Program Files\nodejs\node.exe, version=v0.10.36, argv=[node, E:\Tech\trunk\niuwa-p2pweb\niuwap2p_promo\bin\www.4000], rss=55881728, heapTotal=54096128, heapUsed=22009216, loadavg=[0, 0, 0], uptime=37393.8766665, trace=[column=17, file=E:\Tech\trunk\niuwa-p2pweb\niuwap2p_promo\node_modules\express\lib\application.js, function=EventEmitter.app.render, line=519, method=app.render, native=false, column=7, file=E:\Tech\trunk\niuwa-p2pweb\niuwap2p_promo\node_modules\express\lib\response.js, function=ServerResponse.res.render, line=933, method=res.render, native=false, column=6, file=E:\Tech\trunk\niuwa-p2pweb\niuwap2p_promo\app.js, function=app.use.expressWinston.errorLogger.winstonInstance, line=79, method=use.expressWinston.errorLogger.winstonInstance, native=false, column=5, file=E:\Tech\trunk\niuwa-p2pweb\niuwap2p_promo\node_modules\express\lib\router\layer.js, function=Layer.handle [as handle_request], line=82, method=handle [as handle_request], native=false, column=13, file=E:\Tech\trunk\niuwa-p2pweb\niuwap2p_promo\node_modules\express\lib\router\index.js, function=trim_prefix, line=302, method=null, native=false, column=7, file=E:\Tech\trunk\niuwa-p2pweb\niuwap2p_promo\node_modules\express\lib\router\index.js, function=null, line=270, method=null, native=false, column=12, file=E:\Tech\trunk\niuwa-p2pweb\niuwap2p_promo\node_modules\express\lib\router\index.js, function=Function.proto.process_params, line=321, method=proto.process_params, native=false, column=10, file=E:\Tech\trunk\niuwa-p2pweb\niuwap2p_promo\node_modules\express\lib\router\index.js, function=next, line=261, method=null, native=false, column=15, file=E:\Tech\trunk\niuwa-p2pweb\niuwap2p_promo\node_modules\express\lib\router\index.js, function=null, line=603, method=null, native=false, column=14, file=E:\Tech\trunk\niuwa-p2pweb\niuwap2p_promo\node_modules\express\lib\router\index.js, function=next, line=246, method=null, native=false], stack=[Error: Failed to lookup view "notfound" in views directory "E:\Tech\trunk\niuwa-p2pweb\niuwap2p_promo\views",     at EventEmitter.app.render (E:\Tech\trunk\niuwa-p2pweb\niuwap2p_promo\node_modules\express\lib\application.js:519:17),     at ServerResponse.res.render (E:\Tech\trunk\niuwa-p2pweb\niuwap2p_promo\node_modules\express\lib\response.js:933:7),     at app.use.expressWinston.errorLogger.winstonInstance (E:\Tech\trunk\niuwa-p2pweb\niuwap2p_promo\app.js:79:6),     at Layer.handle [as handle_request] (E:\Tech\trunk\niuwa-p2pweb\niuwap2p_promo\node_modules\express\lib\router\layer.js:82:5),     at trim_prefix (E:\Tech\trunk\niuwa-p2pweb\niuwap2p_promo\node_modules\express\lib\router\index.js:302:13),     at E:\Tech\trunk\niuwa-p2pweb\niuwap2p_promo\node_modules\express\lib\router\index.js:270:7,     at Function.proto.process_params (E:\Tech\trunk\niuwa-p2pweb\niuwap2p_promo\node_modules\express\lib\router\index.js:321:12),     at next (E:\Tech\trunk\niuwa-p2pweb\niuwap2p_promo\node_modules\express\lib\router\index.js:261:10),     at E:\Tech\trunk\niuwa-p2pweb\niuwap2p_promo\node_modules\express\lib\router\index.js:603:15,     at next (E:\Tech\trunk\niuwa-p2pweb\niuwap2p_promo\node_modules\express\lib\router\index.js:246:14)], url=/public/imgs/chsi/07.png, host=localhost:4000, connection=keep-alive, cache-control=max-age=0, accept=text/html,application/xhtml+xml,application/xml;q=0.9,image/webp,*/*;q=0.8, user-agent=Mozilla/5.0 (Windows NT 6.1; WOW64) AppleWebKit/537.36 (KHTML, like Gecko) Chrome/41.0.2272.89 Safari/537.36, accept-encoding=gzip, deflate, sdch, accept-language=zh-CN,zh;q=0.8, cookie=nw_udname=daimonlove2; nw_wsid=s%3AQN-abDoHm1MQZnT65-Uk6Z3TPiQoUqVE.Ki3DLAGT2G7mE01da8XcImaNn0lF9ne6r8Ueikk9cGg, method=GET, httpVersion=1.1, originalUrl=/public/imgs/chsi/07.png, 
2015-05-11 16:35:40.045 - debug: HTTP GET /public/imgs/chsi/07.png 500  28ms
2015-05-11 16:35:44.161 - debug: HTTP GET /imgs/chsi/07.png 304  1ms
2015-05-11 16:37:40.538 - error: middlewareError date=Mon May 11 2015 16:37:40 GMT+0800 (中国标准时间), pid=3268, uid=null, gid=null, cwd=E:\Tech\trunk\niuwa-p2pweb\niuwap2p_promo, execPath=C:\Program Files\nodejs\node.exe, version=v0.10.36, argv=[node, E:\Tech\trunk\niuwa-p2pweb\niuwap2p_promo\bin\www.4000], rss=56004608, heapTotal=54096128, heapUsed=22595928, loadavg=[0, 0, 0], uptime=37514.3885594, trace=[column=17, file=E:\Tech\trunk\niuwa-p2pweb\niuwap2p_promo\node_modules\express\lib\application.js, function=EventEmitter.app.render, line=519, method=app.render, native=false, column=7, file=E:\Tech\trunk\niuwa-p2pweb\niuwap2p_promo\node_modules\express\lib\response.js, function=ServerResponse.res.render, line=933, method=res.render, native=false, column=6, file=E:\Tech\trunk\niuwa-p2pweb\niuwap2p_promo\app.js, function=app.use.expressWinston.errorLogger.winstonInstance, line=79, method=use.expressWinston.errorLogger.winstonInstance, native=false, column=5, file=E:\Tech\trunk\niuwa-p2pweb\niuwap2p_promo\node_modules\express\lib\router\layer.js, function=Layer.handle [as handle_request], line=82, method=handle [as handle_request], native=false, column=13, file=E:\Tech\trunk\niuwa-p2pweb\niuwap2p_promo\node_modules\express\lib\router\index.js, function=trim_prefix, line=302, method=null, native=false, column=7, file=E:\Tech\trunk\niuwa-p2pweb\niuwap2p_promo\node_modules\express\lib\router\index.js, function=null, line=270, method=null, native=false, column=12, file=E:\Tech\trunk\niuwa-p2pweb\niuwap2p_promo\node_modules\express\lib\router\index.js, function=Function.proto.process_params, line=321, method=proto.process_params, native=false, column=10, file=E:\Tech\trunk\niuwa-p2pweb\niuwap2p_promo\node_modules\express\lib\router\index.js, function=next, line=261, method=null, native=false, column=15, file=E:\Tech\trunk\niuwa-p2pweb\niuwap2p_promo\node_modules\express\lib\router\index.js, function=null, line=603, method=null, native=false, column=14, file=E:\Tech\trunk\niuwa-p2pweb\niuwap2p_promo\node_modules\express\lib\router\index.js, function=next, line=246, method=null, native=false], stack=[Error: Failed to lookup view "notfound" in views directory "E:\Tech\trunk\niuwa-p2pweb\niuwap2p_promo\views",     at EventEmitter.app.render (E:\Tech\trunk\niuwa-p2pweb\niuwap2p_promo\node_modules\express\lib\application.js:519:17),     at ServerResponse.res.render (E:\Tech\trunk\niuwa-p2pweb\niuwap2p_promo\node_modules\express\lib\response.js:933:7),     at app.use.expressWinston.errorLogger.winstonInstance (E:\Tech\trunk\niuwa-p2pweb\niuwap2p_promo\app.js:79:6),     at Layer.handle [as handle_request] (E:\Tech\trunk\niuwa-p2pweb\niuwap2p_promo\node_modules\express\lib\router\layer.js:82:5),     at trim_prefix (E:\Tech\trunk\niuwa-p2pweb\niuwap2p_promo\node_modules\express\lib\router\index.js:302:13),     at E:\Tech\trunk\niuwa-p2pweb\niuwap2p_promo\node_modules\express\lib\router\index.js:270:7,     at Function.proto.process_params (E:\Tech\trunk\niuwa-p2pweb\niuwap2p_promo\node_modules\express\lib\router\index.js:321:12),     at next (E:\Tech\trunk\niuwa-p2pweb\niuwap2p_promo\node_modules\express\lib\router\index.js:261:10),     at E:\Tech\trunk\niuwa-p2pweb\niuwap2p_promo\node_modules\express\lib\router\index.js:603:15,     at next (E:\Tech\trunk\niuwa-p2pweb\niuwap2p_promo\node_modules\express\lib\router\index.js:246:14)], url=/public/imgs/banner2_960-375.jpg, host=192.168.101.141:4000, connection=keep-alive, accept=text/html,application/xhtml+xml,application/xml;q=0.9,image/webp,*/*;q=0.8, user-agent=Mozilla/5.0 (Windows NT 6.1; WOW64) AppleWebKit/537.36 (KHTML, like Gecko) Chrome/41.0.2272.89 Safari/537.36, accept-encoding=gzip, deflate, sdch, accept-language=zh-CN,zh;q=0.8, cookie=nw_wsid=s%3AHHxDCm4-gJJB1F3bFK3Dw9JqzOvwRiVU.VG2eT3sqs5WlkMLaKziVX2NZZ6RJdw7M4NTyMetsM%2Fk, method=GET, httpVersion=1.1, originalUrl=/public/imgs/banner2_960-375.jpg, 
2015-05-11 16:37:40.543 - debug: HTTP GET /public/imgs/banner2_960-375.jpg 500  16ms
2015-05-11 16:37:44.909 - debug: HTTP GET /imgs/banner2_960-375.jpg 200  10ms
2015-05-11 16:41:28.999 - debug: HTTP GET /tixian 200  9ms
2015-05-11 16:41:29.035 - debug: HTTP GET /css/niuwah5.css 200  4ms
2015-05-11 16:41:31.445 - debug: HTTP GET /tixian 200  7ms
2015-05-11 16:41:31.489 - debug: HTTP GET /css/niuwah5.css 304  0ms
2015-05-11 16:48:20.542 - debug: HTTP GET /help 200  26ms
2015-05-11 16:48:20.553 - debug: HTTP GET /css/niuwah5.css 200  5ms
2015-05-11 16:54:31.440 - debug: HTTP GET /help 304  19ms
2015-05-11 16:54:31.447 - debug: HTTP GET /css/niuwah5.css 200  3ms
2015-05-11 16:54:31.455 - debug: HTTP GET /imgs/chsi/editor_more.png 200  4ms
2015-05-11 16:54:49.795 - debug: HTTP GET /help 304  5ms
2015-05-11 16:54:49.804 - debug: HTTP GET /css/niuwah5.css 200  3ms
2015-05-11 16:54:49.809 - debug: HTTP GET /imgs/chsi/editor_more.png 304  1ms
2015-05-11 16:55:26.315 - debug: HTTP GET /help 304  5ms
2015-05-11 16:55:26.322 - debug: HTTP GET /css/niuwah5.css 304  1ms
2015-05-11 16:55:31.347 - debug: HTTP GET /help 304  18ms
2015-05-11 16:55:31.370 - debug: HTTP GET /css/niuwah5.css 304  3ms
2015-05-11 16:56:02.134 - debug: HTTP GET /help 304  17ms
2015-05-11 16:56:02.149 - debug: HTTP GET /css/niuwah5.css 304  0ms
2015-05-11 16:56:11.862 - debug: HTTP GET /help 200  11ms
2015-05-11 16:56:11.894 - debug: HTTP GET /css/niuwah5.css 200  10ms
2015-05-11 16:56:11.900 - debug: HTTP GET /imgs/chsi/editor_more.png 200  1ms
2015-05-11 16:56:41.816 - debug: HTTP GET /help 200  11ms
2015-05-11 16:56:41.838 - debug: HTTP GET /css/niuwah5.css 200  2ms
2015-05-11 16:56:41.863 - debug: HTTP GET /imgs/chsi/editor_more.png 200  16ms
2015-05-11 16:56:42.024 - debug: HTTP GET /help 200  11ms
2015-05-11 16:56:42.039 - debug: HTTP GET /css/niuwah5.css 200  3ms
2015-05-11 16:56:42.047 - debug: HTTP GET /imgs/chsi/editor_more.png 200  2ms
2015-05-11 16:56:42.181 - debug: HTTP GET /help 200  4ms
2015-05-11 16:56:42.188 - debug: HTTP GET /css/niuwah5.css 200  1ms
2015-05-11 16:56:42.191 - debug: HTTP GET /imgs/chsi/editor_more.png 200  1ms
2015-05-11 16:57:03.076 - debug: HTTP GET /help 200  8ms
2015-05-11 16:57:03.114 - debug: HTTP GET /css/niuwah5.css 200  3ms
2015-05-11 16:57:03.172 - debug: HTTP GET /imgs/chsi/editor_more.png 200  3ms
2015-05-11 16:58:56.431 - debug: HTTP GET /help 304  14ms
2015-05-11 16:58:56.445 - debug: HTTP GET /css/niuwah5.css 200  1ms
2015-05-11 16:58:56.451 - debug: HTTP GET /imgs/chsi/editor_more.png 304  1ms
2015-05-11 16:59:16.391 - debug: HTTP GET /help 200  8ms
2015-05-11 16:59:16.550 - debug: HTTP GET /css/niuwah5.css 200  2ms
2015-05-11 16:59:16.706 - debug: HTTP GET /imgs/chsi/editor_more.png 304  1ms
2015-05-11 16:59:31.838 - debug: HTTP GET /help 200  7ms
2015-05-11 16:59:31.944 - debug: HTTP GET /css/niuwah5.css 304  0ms
2015-05-11 16:59:47.762 - debug: HTTP GET /help 200  13ms
2015-05-11 16:59:47.804 - debug: HTTP GET /css/niuwah5.css 200  3ms
2015-05-11 16:59:47.881 - debug: HTTP GET /imgs/chsi/editor_more.png 304  15ms
2015-05-11 17:00:37.244 - debug: HTTP GET /clause 304  13ms
2015-05-11 17:00:37.263 - debug: HTTP GET /css/niuwah5.css 200  2ms
2015-05-11 17:01:07.613 - debug: HTTP GET /help 200  7ms
2015-05-11 17:01:07.637 - debug: HTTP GET /css/niuwah5.css 200  2ms
2015-05-11 17:01:07.646 - debug: HTTP GET /imgs/chsi/editor_more.png 304  1ms
2015-05-11 17:01:20.022 - debug: HTTP GET /help 200  9ms
2015-05-11 17:01:20.134 - debug: HTTP GET /css/niuwah5.css 304  1ms
2015-05-11 17:01:20.173 - debug: HTTP GET /imgs/chsi/editor_more.png 200  1ms
2015-05-11 17:01:25.920 - debug: HTTP GET /help 304  9ms
2015-05-11 17:01:25.938 - debug: HTTP GET /css/niuwah5.css 304  1ms
2015-05-11 17:01:27.790 - debug: HTTP GET /help 200  8ms
2015-05-11 17:01:27.804 - debug: HTTP GET /css/niuwah5.css 200  1ms
2015-05-11 17:01:27.812 - debug: HTTP GET /imgs/chsi/editor_more.png 200  1ms
2015-05-11 17:01:37.751 - debug: HTTP GET /help 200  8ms
2015-05-11 17:01:37.873 - debug: HTTP GET /css/niuwah5.css 304  1ms
2015-05-11 17:01:37.896 - debug: HTTP GET /imgs/chsi/editor_more.png 304  1ms
2015-05-11 17:02:09.987 - debug: HTTP GET /help 200  8ms
2015-05-11 17:02:10.009 - debug: HTTP GET /css/niuwah5.css 200  3ms
2015-05-11 17:02:10.018 - debug: HTTP GET /imgs/chsi/editor_more.png 200  2ms
2015-05-11 17:02:16.407 - debug: HTTP GET /help 200  9ms
2015-05-11 17:02:16.476 - debug: HTTP GET /css/niuwah5.css 304  3ms
2015-05-11 17:02:16.506 - debug: HTTP GET /imgs/chsi/editor_more.png 200  2ms
2015-05-11 17:04:37.150 - debug: HTTP GET /help 200  9ms
2015-05-11 17:04:37.167 - debug: HTTP GET /css/niuwah5.css 200  1ms
2015-05-11 17:04:37.193 - error: middlewareError date=Mon May 11 2015 17:04:37 GMT+0800 (中国标准时间), pid=7228, uid=null, gid=null, cwd=E:\Tech\trunk\niuwa-p2pweb\niuwap2p_promo, execPath=C:\Program Files\nodejs\node.exe, version=v0.10.36, argv=[node, E:\Tech\trunk\niuwa-p2pweb\niuwap2p_promo\bin\www.4000], rss=60833792, heapTotal=56147968, heapUsed=24109344, loadavg=[0, 0, 0], uptime=39131.0450268, trace=[column=17, file=E:\Tech\trunk\niuwa-p2pweb\niuwap2p_promo\node_modules\express\lib\application.js, function=EventEmitter.app.render, line=519, method=app.render, native=false, column=7, file=E:\Tech\trunk\niuwa-p2pweb\niuwap2p_promo\node_modules\express\lib\response.js, function=ServerResponse.res.render, line=933, method=res.render, native=false, column=6, file=E:\Tech\trunk\niuwa-p2pweb\niuwap2p_promo\app.js, function=app.use.expressWinston.errorLogger.winstonInstance, line=79, method=use.expressWinston.errorLogger.winstonInstance, native=false, column=5, file=E:\Tech\trunk\niuwa-p2pweb\niuwap2p_promo\node_modules\express\lib\router\layer.js, function=Layer.handle [as handle_request], line=82, method=handle [as handle_request], native=false, column=13, file=E:\Tech\trunk\niuwa-p2pweb\niuwap2p_promo\node_modules\express\lib\router\index.js, function=trim_prefix, line=302, method=null, native=false, column=7, file=E:\Tech\trunk\niuwa-p2pweb\niuwap2p_promo\node_modules\express\lib\router\index.js, function=null, line=270, method=null, native=false, column=12, file=E:\Tech\trunk\niuwa-p2pweb\niuwap2p_promo\node_modules\express\lib\router\index.js, function=Function.proto.process_params, line=321, method=proto.process_params, native=false, column=10, file=E:\Tech\trunk\niuwa-p2pweb\niuwap2p_promo\node_modules\express\lib\router\index.js, function=next, line=261, method=null, native=false, column=15, file=E:\Tech\trunk\niuwa-p2pweb\niuwap2p_promo\node_modules\express\lib\router\index.js, function=null, line=603, method=null, native=false, column=14, file=E:\Tech\trunk\niuwa-p2pweb\niuwap2p_promo\node_modules\express\lib\router\index.js, function=next, line=246, method=null, native=false], stack=[Error: Failed to lookup view "notfound" in views directory "E:\Tech\trunk\niuwa-p2pweb\niuwap2p_promo\views",     at EventEmitter.app.render (E:\Tech\trunk\niuwa-p2pweb\niuwap2p_promo\node_modules\express\lib\application.js:519:17),     at ServerResponse.res.render (E:\Tech\trunk\niuwa-p2pweb\niuwap2p_promo\node_modules\express\lib\response.js:933:7),     at app.use.expressWinston.errorLogger.winstonInstance (E:\Tech\trunk\niuwa-p2pweb\niuwap2p_promo\app.js:79:6),     at Layer.handle [as handle_request] (E:\Tech\trunk\niuwa-p2pweb\niuwap2p_promo\node_modules\express\lib\router\layer.js:82:5),     at trim_prefix (E:\Tech\trunk\niuwa-p2pweb\niuwap2p_promo\node_modules\express\lib\router\index.js:302:13),     at E:\Tech\trunk\niuwa-p2pweb\niuwap2p_promo\node_modules\express\lib\router\index.js:270:7,     at Function.proto.process_params (E:\Tech\trunk\niuwa-p2pweb\niuwap2p_promo\node_modules\express\lib\router\index.js:321:12),     at next (E:\Tech\trunk\niuwa-p2pweb\niuwap2p_promo\node_modules\express\lib\router\index.js:261:10),     at E:\Tech\trunk\niuwa-p2pweb\niuwap2p_promo\node_modules\express\lib\router\index.js:603:15,     at next (E:\Tech\trunk\niuwa-p2pweb\niuwap2p_promo\node_modules\express\lib\router\index.js:246:14)], url=/imgs/chsi/editor_more.png, host=192.168.101.141:4000, connection=keep-alive, pragma=no-cache, cache-control=no-cache, accept=image/webp,*/*;q=0.8, user-agent=Mozilla/5.0 (iPhone; CPU iPhone OS 7_0 like Mac OS X; en-us) AppleWebKit/537.51.1 (KHTML, like Gecko) Version/7.0 Mobile/11A465 Safari/9537.53, referer=http://192.168.101.141:4000/css/niuwah5.css, accept-encoding=gzip, deflate, sdch, accept-language=zh-CN,zh;q=0.8, cookie=nw_wsid=s%3AHHxDCm4-gJJB1F3bFK3Dw9JqzOvwRiVU.VG2eT3sqs5WlkMLaKziVX2NZZ6RJdw7M4NTyMetsM%2Fk, method=GET, httpVersion=1.1, originalUrl=/imgs/chsi/editor_more.png, 
2015-05-11 17:04:37.216 - debug: HTTP GET /imgs/chsi/editor_more.png 500  41ms
2015-05-11 17:04:39.253 - debug: HTTP GET /help 304  7ms
2015-05-11 17:04:39.277 - debug: HTTP GET /css/niuwah5.css 304  1ms
2015-05-11 17:05:47.268 - debug: HTTP GET /help 304  9ms
2015-05-11 17:05:47.284 - debug: HTTP GET /css/niuwah5.css 200  1ms
2015-05-11 17:05:47.296 - error: middlewareError date=Mon May 11 2015 17:05:47 GMT+0800 (中国标准时间), pid=7228, uid=null, gid=null, cwd=E:\Tech\trunk\niuwa-p2pweb\niuwap2p_promo, execPath=C:\Program Files\nodejs\node.exe, version=v0.10.36, argv=[node, E:\Tech\trunk\niuwa-p2pweb\niuwap2p_promo\bin\www.4000], rss=61530112, heapTotal=56147968, heapUsed=25591312, loadavg=[0, 0, 0], uptime=39201.1490366, trace=[column=17, file=E:\Tech\trunk\niuwa-p2pweb\niuwap2p_promo\node_modules\express\lib\application.js, function=EventEmitter.app.render, line=519, method=app.render, native=false, column=7, file=E:\Tech\trunk\niuwa-p2pweb\niuwap2p_promo\node_modules\express\lib\response.js, function=ServerResponse.res.render, line=933, method=res.render, native=false, column=6, file=E:\Tech\trunk\niuwa-p2pweb\niuwap2p_promo\app.js, function=app.use.expressWinston.errorLogger.winstonInstance, line=79, method=use.expressWinston.errorLogger.winstonInstance, native=false, column=5, file=E:\Tech\trunk\niuwa-p2pweb\niuwap2p_promo\node_modules\express\lib\router\layer.js, function=Layer.handle [as handle_request], line=82, method=handle [as handle_request], native=false, column=13, file=E:\Tech\trunk\niuwa-p2pweb\niuwap2p_promo\node_modules\express\lib\router\index.js, function=trim_prefix, line=302, method=null, native=false, column=7, file=E:\Tech\trunk\niuwa-p2pweb\niuwap2p_promo\node_modules\express\lib\router\index.js, function=null, line=270, method=null, native=false, column=12, file=E:\Tech\trunk\niuwa-p2pweb\niuwap2p_promo\node_modules\express\lib\router\index.js, function=Function.proto.process_params, line=321, method=proto.process_params, native=false, column=10, file=E:\Tech\trunk\niuwa-p2pweb\niuwap2p_promo\node_modules\express\lib\router\index.js, function=next, line=261, method=null, native=false, column=15, file=E:\Tech\trunk\niuwa-p2pweb\niuwap2p_promo\node_modules\express\lib\router\index.js, function=null, line=603, method=null, native=false, column=14, file=E:\Tech\trunk\niuwa-p2pweb\niuwap2p_promo\node_modules\express\lib\router\index.js, function=next, line=246, method=null, native=false], stack=[Error: Failed to lookup view "notfound" in views directory "E:\Tech\trunk\niuwa-p2pweb\niuwap2p_promo\views",     at EventEmitter.app.render (E:\Tech\trunk\niuwa-p2pweb\niuwap2p_promo\node_modules\express\lib\application.js:519:17),     at ServerResponse.res.render (E:\Tech\trunk\niuwa-p2pweb\niuwap2p_promo\node_modules\express\lib\response.js:933:7),     at app.use.expressWinston.errorLogger.winstonInstance (E:\Tech\trunk\niuwa-p2pweb\niuwap2p_promo\app.js:79:6),     at Layer.handle [as handle_request] (E:\Tech\trunk\niuwa-p2pweb\niuwap2p_promo\node_modules\express\lib\router\layer.js:82:5),     at trim_prefix (E:\Tech\trunk\niuwa-p2pweb\niuwap2p_promo\node_modules\express\lib\router\index.js:302:13),     at E:\Tech\trunk\niuwa-p2pweb\niuwap2p_promo\node_modules\express\lib\router\index.js:270:7,     at Function.proto.process_params (E:\Tech\trunk\niuwa-p2pweb\niuwap2p_promo\node_modules\express\lib\router\index.js:321:12),     at next (E:\Tech\trunk\niuwa-p2pweb\niuwap2p_promo\node_modules\express\lib\router\index.js:261:10),     at E:\Tech\trunk\niuwa-p2pweb\niuwap2p_promo\node_modules\express\lib\router\index.js:603:15,     at next (E:\Tech\trunk\niuwa-p2pweb\niuwap2p_promo\node_modules\express\lib\router\index.js:246:14)], url=/imgs/chsi/editor_more.png, host=192.168.101.141:4000, connection=keep-alive, cache-control=max-age=0, accept=image/webp,*/*;q=0.8, user-agent=Mozilla/5.0 (iPhone; CPU iPhone OS 7_0 like Mac OS X; en-us) AppleWebKit/537.51.1 (KHTML, like Gecko) Version/7.0 Mobile/11A465 Safari/9537.53, referer=http://192.168.101.141:4000/css/niuwah5.css, accept-encoding=gzip, deflate, sdch, accept-language=zh-CN,zh;q=0.8, cookie=nw_wsid=s%3AHHxDCm4-gJJB1F3bFK3Dw9JqzOvwRiVU.VG2eT3sqs5WlkMLaKziVX2NZZ6RJdw7M4NTyMetsM%2Fk, method=GET, httpVersion=1.1, originalUrl=/imgs/chsi/editor_more.png, 
2015-05-11 17:05:47.299 - debug: HTTP GET /imgs/chsi/editor_more.png 500  11ms
2015-05-11 17:06:00.297 - debug: HTTP GET /help 304  8ms
2015-05-11 17:06:00.319 - debug: HTTP GET /css/niuwah5.css 200  3ms
2015-05-11 17:06:00.325 - debug: HTTP GET /imgs/chsi/editor_more1.png 200  2ms
2015-05-11 17:10:58.959 - debug: HTTP GET /help 200  10ms
2015-05-11 17:10:59.045 - debug: HTTP GET /css/niuwah5.css 200  3ms
2015-05-11 17:10:59.071 - debug: HTTP GET /js/libs/jquery-1.8.3.min.js 200  4ms
2015-05-11 17:10:59.300 - debug: HTTP GET /imgs/chsi/editor_more1.png 200  2ms
2015-05-11 17:11:16.795 - debug: HTTP GET /help 200  12ms
2015-05-11 17:11:16.835 - debug: HTTP GET /css/niuwah5.css 200  9ms
2015-05-11 17:11:16.837 - debug: HTTP GET /js/libs/jquery-1.8.3.min.js 304  3ms
2015-05-11 17:11:16.908 - debug: HTTP GET /imgs/chsi/editor_more1.png 304  1ms
2015-05-11 17:12:53.837 - debug: HTTP GET /help 200  10ms
2015-05-11 17:12:53.869 - debug: HTTP GET /css/niuwah5.css 304  0ms
2015-05-11 17:12:53.872 - debug: HTTP GET /js/libs/jquery-1.8.3.min.js 304  1ms
2015-05-11 17:12:53.941 - debug: HTTP GET /imgs/chsi/editor_more1.png 304  1ms
2015-05-11 17:18:15.008 - debug: HTTP GET /help 200  23ms
2015-05-11 17:18:15.024 - debug: HTTP GET /css/niuwah5.css 200  6ms
2015-05-11 17:18:15.026 - debug: HTTP GET /js/libs/jquery-1.8.3.min.js 200  10ms
2015-05-11 17:18:15.064 - debug: HTTP GET /imgs/chsi/editor_more1.png 304  2ms
2015-05-11 17:18:23.228 - debug: HTTP GET /help 200  13ms
2015-05-11 17:18:23.257 - debug: HTTP GET /css/niuwah5.css 200  2ms
2015-05-11 17:18:23.269 - debug: HTTP GET /js/libs/jquery-1.8.3.min.js 304  1ms
2015-05-11 17:18:23.349 - debug: HTTP GET /imgs/chsi/editor_more1.png 304  0ms
2015-05-11 17:19:01.464 - debug: HTTP GET /clause 200  12ms
2015-05-11 17:19:01.694 - debug: HTTP GET /css/niuwah5.css 200  2ms
2015-05-11 17:19:44.973 - debug: HTTP GET /help 200  14ms
2015-05-11 17:19:45.006 - debug: HTTP GET /js/libs/jquery-1.8.3.min.js 304  1ms
2015-05-11 17:19:45.011 - debug: HTTP GET /css/niuwah5.css 200  11ms
2015-05-11 17:19:45.089 - debug: HTTP GET /imgs/chsi/editor_more1.png 304  1ms
2015-05-11 17:19:58.943 - debug: HTTP GET /help 200  10ms
2015-05-11 17:19:58.977 - debug: HTTP GET /css/niuwah5.css 304  2ms
2015-05-11 17:19:58.982 - debug: HTTP GET /js/libs/jquery-1.8.3.min.js 304  2ms
2015-05-11 17:19:59.041 - debug: HTTP GET /imgs/chsi/editor_more1.png 304  1ms
2015-05-11 17:20:35.074 - debug: HTTP GET /help 200  11ms
2015-05-11 17:20:35.116 - debug: HTTP GET /css/niuwah5.css 304  3ms
2015-05-11 17:20:35.125 - debug: HTTP GET /js/libs/jquery-1.8.3.min.js 304  8ms
2015-05-11 17:20:35.181 - debug: HTTP GET /imgs/chsi/editor_more1.png 304  1ms
2015-05-11 17:21:40.261 - debug: HTTP GET /help 200  8ms
2015-05-11 17:21:40.306 - debug: HTTP GET /css/niuwah5.css 200  3ms
2015-05-11 17:21:40.316 - debug: HTTP GET /js/libs/jquery-1.8.3.min.js 304  1ms
2015-05-11 17:21:40.388 - debug: HTTP GET /imgs/chsi/editor_more1.png 304  1ms
2015-05-11 17:21:47.504 - debug: HTTP GET /help 200  10ms
2015-05-11 17:21:47.516 - debug: HTTP GET /css/niuwah5.css 200  1ms
2015-05-11 17:21:47.517 - debug: HTTP GET /js/libs/jquery-1.8.3.min.js 304  2ms
2015-05-11 17:21:47.551 - debug: HTTP GET /imgs/chsi/editor_more1.png 304  0ms
2015-05-11 17:22:19.051 - debug: HTTP GET /help 200  9ms
2015-05-11 17:22:19.072 - debug: HTTP GET /css/niuwah5.css 304  2ms
2015-05-11 17:22:19.075 - debug: HTTP GET /js/libs/jquery-1.8.3.min.js 304  1ms
2015-05-11 17:23:04.980 - debug: HTTP GET /help 200  10ms
2015-05-11 17:23:04.998 - debug: HTTP GET /css/niuwah5.css 304  0ms
2015-05-11 17:23:05.001 - debug: HTTP GET /js/libs/jquery-1.8.3.min.js 304  0ms
2015-05-11 17:23:06.037 - debug: HTTP GET /imgs/chsi/editor_more2.png 200  2ms
2015-05-11 17:23:10.401 - debug: HTTP GET /clause 200  6ms
2015-05-11 17:23:10.456 - debug: HTTP GET /css/niuwah5.css 200  3ms
2015-05-11 17:23:19.505 - debug: HTTP GET /help 200  7ms
2015-05-11 17:23:19.517 - debug: HTTP GET /css/niuwah5.css 304  1ms
2015-05-11 17:23:19.519 - debug: HTTP GET /js/libs/jquery-1.8.3.min.js 304  0ms
2015-05-11 17:23:20.785 - debug: HTTP GET /imgs/chsi/editor_more2.png 304  1ms
2015-05-11 17:23:21.494 - debug: HTTP GET /imgs/chsi/editor_more1.png 304  2ms
2015-05-11 17:23:25.639 - debug: HTTP GET /help 200  8ms
2015-05-11 17:23:25.737 - debug: HTTP GET /css/niuwah5.css 304  1ms
2015-05-11 17:23:25.744 - debug: HTTP GET /js/libs/jquery-1.8.3.min.js 304  2ms
2015-05-11 17:23:25.832 - debug: HTTP GET /imgs/chsi/editor_more1.png 304  1ms
2015-05-11 17:23:26.872 - debug: HTTP GET /imgs/chsi/editor_more2.png 200  2ms
2015-05-11 17:23:30.958 - debug: HTTP GET /imgs/chsi/editor_more2.png 304  1ms
2015-05-11 17:24:40.770 - debug: HTTP GET /help 200  9ms
2015-05-11 17:24:40.805 - debug: HTTP GET /css/niuwah5.css 200  3ms
2015-05-11 17:24:40.806 - debug: HTTP GET /js/libs/jquery-1.8.3.min.js 200  7ms
2015-05-11 17:24:41.020 - debug: HTTP GET /imgs/chsi/editor_more1.png 200  2ms
2015-05-11 17:24:42.436 - debug: HTTP GET /imgs/chsi/editor_more2.png 200  4ms
2015-05-11 17:24:43.713 - debug: HTTP GET /imgs/chsi/editor_more2.png 304  2ms
2015-05-11 17:25:04.975 - debug: HTTP GET /help 200  8ms
2015-05-11 17:25:05.027 - debug: HTTP GET /css/niuwah5.css 200  2ms
2015-05-11 17:25:05.037 - debug: HTTP GET /js/libs/jquery-1.8.3.min.js 200  3ms
2015-05-11 17:25:05.141 - debug: HTTP GET /imgs/chsi/editor_more1.png 200  2ms
2015-05-11 17:25:06.800 - debug: HTTP GET /imgs/chsi/editor_more2.png 200  1ms
2015-05-11 17:25:08.079 - debug: HTTP GET /imgs/chsi/editor_more2.png 304  1ms
2015-05-11 17:25:16.041 - debug: HTTP GET /imgs/chsi/editor_more1.png 304  0ms
2015-05-11 17:25:17.270 - debug: HTTP GET /imgs/chsi/editor_more2.png 304  1ms
2015-05-11 17:25:23.024 - debug: HTTP GET /imgs/chsi/editor_more1.png 304  1ms
2015-05-11 17:25:28.420 - debug: HTTP GET /imgs/chsi/editor_more1.png 304  1ms
2015-05-11 17:25:29.708 - debug: HTTP GET /imgs/chsi/editor_more2.png 304  1ms
2015-05-11 17:25:33.295 - debug: HTTP GET /imgs/chsi/editor_more2.png 304  0ms
2015-05-11 17:25:35.806 - debug: HTTP GET /imgs/chsi/editor_more1.png 304  1ms
2015-05-11 17:25:37.104 - debug: HTTP GET /imgs/chsi/editor_more2.png 304  1ms
2015-05-11 17:25:38.772 - debug: HTTP GET /imgs/chsi/editor_more1.png 304  1ms
2015-05-11 17:25:39.946 - debug: HTTP GET /imgs/chsi/editor_more1.png 304  0ms
2015-05-11 17:25:41.148 - debug: HTTP GET /imgs/chsi/editor_more2.png 304  1ms
2015-05-11 17:25:42.596 - debug: HTTP GET /imgs/chsi/editor_more2.png 304  2ms
2015-05-11 17:25:43.847 - debug: HTTP GET /imgs/chsi/editor_more2.png 304  1ms
2015-05-11 17:25:48.550 - debug: HTTP GET /imgs/chsi/editor_more1.png 304  1ms
2015-05-11 17:25:49.937 - debug: HTTP GET /imgs/chsi/editor_more1.png 304  1ms
2015-05-11 17:25:51.187 - debug: HTTP GET /imgs/chsi/editor_more1.png 304  1ms
2015-05-11 17:25:54.766 - debug: HTTP GET /imgs/chsi/editor_more2.png 304  1ms
2015-05-11 17:25:56.871 - debug: HTTP GET /imgs/chsi/editor_more1.png 304  1ms
2015-05-11 17:26:43.724 - debug: HTTP GET /imgs/chsi/editor_more2.png 304  1ms
2015-05-11 17:26:49.913 - debug: HTTP GET /imgs/chsi/editor_more1.png 304  1ms
2015-05-11 17:26:50.947 - debug: HTTP GET /imgs/chsi/editor_more2.png 304  1ms
2015-05-11 17:26:55.285 - debug: HTTP GET /imgs/chsi/editor_more1.png 304  1ms
2015-05-11 17:26:59.451 - debug: HTTP GET /imgs/chsi/editor_more2.png 304  1ms
2015-05-11 17:27:00.850 - debug: HTTP GET /imgs/chsi/editor_more2.png 304  0ms
2015-05-11 17:27:13.211 - debug: HTTP GET /imgs/chsi/editor_more1.png 304  4ms
2015-05-11 17:27:14.335 - debug: HTTP GET /imgs/chsi/editor_more1.png 304  1ms
2015-05-11 17:27:18.897 - debug: HTTP GET /imgs/chsi/editor_more2.png 304  1ms
2015-05-11 17:27:33.021 - debug: HTTP GET /imgs/chsi/editor_more1.png 304  1ms
2015-05-11 17:27:36.041 - debug: HTTP GET /imgs/chsi/editor_more2.png 304  1ms
2015-05-11 17:27:39.337 - debug: HTTP GET /imgs/chsi/editor_more1.png 304  1ms
2015-05-11 17:27:40.500 - debug: HTTP GET /imgs/chsi/editor_more2.png 304  1ms
2015-05-11 17:27:45.148 - debug: HTTP GET /imgs/chsi/editor_more2.png 304  2ms
2015-05-11 17:27:46.717 - debug: HTTP GET /imgs/chsi/editor_more2.png 304  0ms
2015-05-11 17:28:33.831 - debug: HTTP GET /imgs/chsi/editor_more1.png 304  1ms
2015-05-11 17:28:34.868 - debug: HTTP GET /imgs/chsi/editor_more1.png 304  1ms
2015-05-11 17:28:44.843 - debug: HTTP GET /imgs/chsi/editor_more1.png 304  3ms
2015-05-11 17:28:58.385 - debug: HTTP GET /imgs/chsi/editor_more2.png 304  1ms
2015-05-11 17:28:59.620 - debug: HTTP GET /imgs/chsi/editor_more2.png 304  1ms
2015-05-11 17:29:00.869 - debug: HTTP GET /imgs/chsi/editor_more2.png 304  0ms
2015-05-11 17:30:00.293 - debug: HTTP GET /help 200  8ms
2015-05-11 17:30:00.304 - debug: HTTP GET /css/niuwah5.css 304  0ms
2015-05-11 17:30:00.305 - debug: HTTP GET /js/libs/jquery-1.8.3.min.js 304  3ms
2015-05-11 17:30:01.237 - debug: HTTP GET /imgs/chsi/editor_more2.png 304  1ms
2015-05-11 17:30:35.937 - debug: HTTP GET /imgs/chsi/editor_more1.png 304  1ms
2015-05-11 17:30:37.506 - debug: HTTP GET /imgs/chsi/editor_more2.png 304  0ms
2015-05-11 17:30:38.717 - debug: HTTP GET /imgs/chsi/editor_more1.png 304  1ms
2015-05-11 17:30:39.907 - debug: HTTP GET /imgs/chsi/editor_more2.png 304  1ms
2015-05-11 17:30:43.487 - debug: HTTP GET /imgs/chsi/editor_more1.png 304  1ms
2015-05-11 17:30:44.437 - debug: HTTP GET /imgs/chsi/editor_more2.png 304  1ms
2015-05-11 17:30:45.913 - debug: HTTP GET /imgs/chsi/editor_more1.png 304  0ms
2015-05-11 17:30:47.126 - debug: HTTP GET /imgs/chsi/editor_more1.png 304  1ms
2015-05-11 17:30:49.968 - debug: HTTP GET /imgs/chsi/editor_more2.png 304  1ms
2015-05-11 17:30:52.120 - debug: HTTP GET /imgs/chsi/editor_more1.png 304  1ms
2015-05-11 17:30:53.283 - debug: HTTP GET /imgs/chsi/editor_more2.png 304  1ms
2015-05-11 17:30:55.574 - debug: HTTP GET /imgs/chsi/editor_more1.png 304  1ms
2015-05-11 17:30:56.744 - debug: HTTP GET /imgs/chsi/editor_more2.png 304  0ms
2015-05-11 17:30:58.009 - debug: HTTP GET /imgs/chsi/editor_more1.png 304  1ms
2015-05-11 17:30:59.066 - debug: HTTP GET /imgs/chsi/editor_more2.png 304  1ms
2015-05-11 17:31:10.376 - debug: HTTP GET /imgs/chsi/editor_more1.png 304  1ms
2015-05-11 17:31:11.831 - debug: HTTP GET /imgs/chsi/editor_more2.png 304  1ms
2015-05-11 17:31:15.038 - debug: HTTP GET /imgs/chsi/editor_more2.png 304  0ms
2015-05-11 17:31:16.215 - debug: HTTP GET /imgs/chsi/editor_more1.png 304  0ms
2015-05-11 17:33:48.042 - debug: HTTP GET /help 200  16ms
2015-05-11 17:33:48.093 - debug: HTTP GET /css/niuwah5.css 200  33ms
2015-05-11 17:33:48.116 - debug: HTTP GET /imgs/chsi/editor_more1.png 304  0ms
2015-05-11 17:33:48.085 - debug: HTTP GET /js/libs/jquery-1.8.3.min.js 304  27ms
2015-05-11 17:35:00.109 - debug: HTTP GET /help 200  4ms
2015-05-11 17:35:00.115 - debug: HTTP GET /css/niuwah5.css 304  0ms
2015-05-11 17:35:00.118 - debug: HTTP GET /js/libs/jquery-1.8.3.min.js 304  0ms
2015-05-11 17:35:38.973 - debug: HTTP GET /help 200  35ms
2015-05-11 17:35:38.983 - debug: HTTP GET /css/niuwah5.css 304  0ms
2015-05-11 17:35:38.984 - debug: HTTP GET /js/libs/jquery-1.8.3.min.js 304  0ms
2015-05-11 17:36:58.506 - debug: HTTP GET /help 200  11ms
2015-05-11 17:36:58.520 - debug: HTTP GET /css/niuwah5.css 304  0ms
2015-05-11 17:36:58.522 - debug: HTTP GET /js/libs/jquery-1.8.3.min.js 304  0ms
2015-05-11 17:37:43.786 - debug: HTTP GET /help 304  15ms
2015-05-11 17:37:43.799 - debug: HTTP GET /js/libs/jquery-1.8.3.min.js 304  1ms
2015-05-11 17:37:43.802 - debug: HTTP GET /css/niuwah5.css 200  4ms
2015-05-11 17:37:43.828 - debug: HTTP GET /imgs/chsi/editor_more1.png 304  0ms
2015-05-11 17:37:44.632 - debug: HTTP GET /imgs/chsi/editor_more2.png 304  0ms
2015-05-11 17:38:19.326 - debug: HTTP GET /help 304  9ms
2015-05-11 17:38:19.342 - debug: HTTP GET /js/libs/jquery-1.8.3.min.js 304  1ms
2015-05-11 17:38:19.343 - debug: HTTP GET /css/niuwah5.css 200  3ms
2015-05-11 17:38:19.373 - debug: HTTP GET /imgs/chsi/editor_more1.png 304  0ms
2015-05-11 17:38:20.352 - debug: HTTP GET /imgs/chsi/editor_more2.png 304  1ms
2015-05-11 17:38:29.007 - debug: HTTP GET /help 200  5ms
2015-05-11 17:38:29.044 - debug: HTTP GET /css/niuwah5.css 200  1ms
2015-05-11 17:38:29.053 - debug: HTTP GET /js/libs/jquery-1.8.3.min.js 304  0ms
2015-05-11 17:38:29.133 - debug: HTTP GET /imgs/chsi/editor_more1.png 304  0ms
2015-05-11 17:38:30.231 - debug: HTTP GET /imgs/chsi/editor_more2.png 304  1ms
2015-05-11 17:39:11.894 - debug: HTTP GET /help 200  12ms
2015-05-11 17:39:11.916 - debug: HTTP GET /css/niuwah5.css 200  2ms
2015-05-11 17:39:11.931 - debug: HTTP GET /js/libs/jquery-1.8.3.min.js 304  1ms
2015-05-11 17:39:12.021 - debug: HTTP GET /imgs/chsi/editor_more1.png 304  4ms
2015-05-11 17:39:13.448 - debug: HTTP GET /imgs/chsi/editor_more2.png 304  1ms
2015-05-11 19:19:47.808 - debug: HTTP GET /help 304  10ms
2015-05-11 19:19:47.824 - debug: HTTP GET /js/libs/jquery-1.8.3.min.js 304  1ms
2015-05-11 19:19:47.825 - debug: HTTP GET /css/niuwah5.css 200  4ms
2015-05-11 19:19:47.857 - debug: HTTP GET /imgs/chsi/editor_more1.png 304  1ms
2015-05-11 19:19:48.981 - debug: HTTP GET /imgs/chsi/editor_more2.png 304  1ms
2015-05-11 19:21:02.336 - debug: HTTP GET /help 304  7ms
2015-05-11 19:21:02.354 - debug: HTTP GET /js/libs/jquery-1.8.3.min.js 304  1ms
2015-05-11 19:21:02.354 - debug: HTTP GET /css/niuwah5.css 200  3ms
2015-05-11 19:21:02.376 - debug: HTTP GET /imgs/chsi/editor_more1.png 304  0ms
2015-05-11 19:21:14.795 - debug: HTTP GET /help 304  9ms
2015-05-11 19:21:14.812 - debug: HTTP GET /js/libs/jquery-1.8.3.min.js 304  1ms
2015-05-11 19:21:14.813 - debug: HTTP GET /css/niuwah5.css 200  2ms
2015-05-11 19:21:14.848 - debug: HTTP GET /imgs/chsi/editor_more1.png 304  1ms
2015-05-11 19:21:33.447 - debug: HTTP GET /help 304  7ms
2015-05-11 19:21:33.462 - debug: HTTP GET /js/libs/jquery-1.8.3.min.js 304  1ms
2015-05-11 19:21:33.464 - debug: HTTP GET /css/niuwah5.css 200  5ms
2015-05-11 19:21:33.484 - debug: HTTP GET /imgs/chsi/editor_more1.png 304  0ms
2015-05-11 19:21:35.432 - debug: HTTP GET /imgs/chsi/editor_more2.png 304  1ms
2015-05-11 19:22:12.568 - debug: HTTP GET /help 304  6ms
2015-05-11 19:22:12.583 - debug: HTTP GET /js/libs/jquery-1.8.3.min.js 304  1ms
2015-05-11 19:22:12.585 - debug: HTTP GET /css/niuwah5.css 200  7ms
2015-05-11 19:22:12.606 - debug: HTTP GET /imgs/chsi/editor_more1.png 304  1ms
2015-05-11 19:22:13.488 - debug: HTTP GET /imgs/chsi/editor_more2.png 304  1ms
2015-05-11 19:22:33.550 - debug: HTTP GET /help 304  8ms
2015-05-11 19:22:33.567 - debug: HTTP GET /js/libs/jquery-1.8.3.min.js 304  1ms
2015-05-11 19:22:33.569 - debug: HTTP GET /css/niuwah5.css 200  4ms
2015-05-11 19:22:33.602 - debug: HTTP GET /imgs/chsi/editor_more1.png 304  0ms
2015-05-11 19:22:35.072 - debug: HTTP GET /imgs/chsi/editor_more2.png 304  1ms
2015-05-11 19:22:49.725 - debug: HTTP GET /help 304  4ms
2015-05-11 19:22:49.746 - debug: HTTP GET /css/niuwah5.css 200  2ms
2015-05-11 19:22:49.749 - debug: HTTP GET /js/libs/jquery-1.8.3.min.js 304  1ms
2015-05-11 19:22:49.791 - debug: HTTP GET /imgs/chsi/editor_more1.png 304  1ms
2015-05-11 19:22:51.296 - debug: HTTP GET /imgs/chsi/editor_more2.png 304  0ms
2015-05-11 19:23:17.902 - debug: HTTP GET /help 304  9ms
2015-05-11 19:23:17.926 - debug: HTTP GET /css/niuwah5.css 200  2ms
2015-05-11 19:23:17.928 - debug: HTTP GET /js/libs/jquery-1.8.3.min.js 304  2ms
2015-05-11 19:23:17.971 - debug: HTTP GET /imgs/chsi/editor_more1.png 304  1ms
2015-05-11 19:23:18.768 - debug: HTTP GET /imgs/chsi/editor_more2.png 304  1ms
2015-05-11 19:23:29.253 - debug: HTTP GET /help 200  5ms
2015-05-11 19:23:29.301 - debug: HTTP GET /css/niuwah5.css 200  1ms
2015-05-11 19:23:29.309 - debug: HTTP GET /js/libs/jquery-1.8.3.min.js 304  1ms
2015-05-11 19:23:29.387 - debug: HTTP GET /imgs/chsi/editor_more1.png 304  0ms
2015-05-11 19:23:30.758 - debug: HTTP GET /imgs/chsi/editor_more2.png 304  1ms
2015-05-11 19:24:26.301 - debug: HTTP GET /help 200  9ms
2015-05-11 19:24:26.382 - debug: HTTP GET /css/niuwah5.css 200  2ms
2015-05-11 19:24:26.406 - debug: HTTP GET /js/libs/jquery-1.8.3.min.js 304  14ms
2015-05-11 19:24:26.504 - debug: HTTP GET /imgs/chsi/editor_more1.png 304  0ms
2015-05-11 19:24:28.153 - debug: HTTP GET /imgs/chsi/editor_more2.png 304  1ms
2015-05-11 19:25:25.911 - debug: HTTP GET /help 200  4ms
2015-05-11 19:25:25.942 - debug: HTTP GET /css/niuwah5.css 200  0ms
2015-05-11 19:25:25.951 - debug: HTTP GET /js/libs/jquery-1.8.3.min.js 304  0ms
2015-05-11 19:25:26.007 - debug: HTTP GET /imgs/chsi/editor_more1.png 304  0ms
2015-05-11 19:25:53.233 - debug: HTTP GET /help 200  5ms
2015-05-11 19:25:53.270 - debug: HTTP GET /css/niuwah5.css 200  2ms
2015-05-11 19:25:53.272 - debug: HTTP GET /js/libs/jquery-1.8.3.min.js 304  1ms
2015-05-11 19:25:53.349 - debug: HTTP GET /imgs/chsi/editor_more1.png 304  1ms
2015-05-11 19:25:55.347 - debug: HTTP GET /imgs/chsi/editor_more2.png 304  1ms
2015-05-11 19:41:15.145 - debug: HTTP GET / 304  39ms
2015-05-11 19:41:15.151 - debug: HTTP GET /css/jquery.fullPage.css 304  1ms
2015-05-11 19:41:15.153 - debug: HTTP GET /js/libs/jquery-1.8.3.min.js 304  0ms
2015-05-11 19:41:15.154 - debug: HTTP GET /css/earlybird.css 200  2ms
2015-05-11 19:41:15.162 - debug: HTTP GET /js/libs/jquery-ui-1.10.3.min.js 304  1ms
2015-05-11 19:41:15.163 - debug: HTTP GET /js/libs/jquery.fullPage.min.js 304  0ms
2015-05-11 19:41:15.164 - debug: HTTP GET /js/libs/jquery.sha256.min.js 304  1ms
2015-05-11 19:41:15.165 - debug: HTTP GET /imgs/pagenormal.png 304  1ms
2015-05-11 19:41:15.232 - debug: HTTP GET /imgs/bg.png 304  0ms
2015-05-11 19:41:15.233 - debug: HTTP GET /imgs/left-round1.png 304  0ms
2015-05-11 19:41:15.234 - debug: HTTP GET /imgs/left-round2.png 304  0ms
2015-05-11 19:41:15.235 - debug: HTTP GET /imgs/right-round1.png 304  1ms
2015-05-11 19:41:15.236 - debug: HTTP GET /imgs/right-round2.png 304  0ms
2015-05-11 19:41:15.237 - debug: HTTP GET /imgs/earlybird.png 304  0ms
