2015-05-16 14:01:09.253 - debug: HTTP GET /loan_agreement.html 404  25ms
2015-05-16 14:01:09.284 - debug: HTTP GET /imgs/4043.png 304  2ms
2015-05-16 14:01:09.286 - debug: HTTP GET /imgs/404.png 304  4ms
2015-05-16 14:01:13.867 - debug: HTTP GET /loan_agreement 304  17ms
2015-05-16 14:01:14.037 - debug: HTTP GET /css/niuwah5.css 304  0ms
2015-05-16 14:24:33.288 - debug: HTTP GET /tixian 200  53ms
2015-05-16 14:24:33.463 - debug: HTTP GET /css/niuwah5.css 200  4ms
2015-05-16 14:24:56.304 - debug: HTTP GET /chongzhi 304  48ms
2015-05-16 14:24:56.319 - debug: HTTP GET /css/niuwah5.css 304  0ms
2015-05-16 14:24:56.781 - debug: HTTP GET /chongzhi 304  5ms
2015-05-16 14:24:56.786 - debug: HTTP GET /css/niuwah5.css 304  2ms
2015-05-16 14:25:04.639 - debug: HTTP GET /hongbao 200  23ms
2015-05-16 14:25:04.643 - debug: HTTP GET /css/niuwah5.css 304  1ms
2015-05-16 14:25:13.440 - debug: HTTP GET /jiekuan 200  50ms
2015-05-16 14:25:13.443 - debug: HTTP GET /css/niuwah5.css 304  0ms
2015-05-16 14:25:22.625 - debug: HTTP GET /chsigetcode 200  40ms
2015-05-16 14:25:22.630 - debug: HTTP GET /css/niuwah5.css 304  0ms
2015-05-16 14:25:22.683 - debug: HTTP GET /imgs/chsi/05.png 200  50ms
2015-05-16 14:25:22.685 - debug: HTTP GET /imgs/chsi/02.png 200  49ms
2015-05-16 14:25:22.685 - debug: HTTP GET /imgs/chsi/01.png 200  50ms
2015-05-16 14:25:22.685 - debug: HTTP GET /imgs/chsi/04.png 200  29ms
2015-05-16 14:25:22.686 - debug: HTTP GET /imgs/chsi/07.png 200  49ms
2015-05-16 14:25:22.694 - debug: HTTP GET /imgs/chsi/03.png 200  56ms
2015-05-16 14:25:22.701 - debug: HTTP GET /imgs/chsi/06.png 200  36ms
2015-05-16 14:25:22.704 - debug: HTTP GET /imgs/chsi/08.png 200  1ms
2015-05-16 14:25:43.574 - debug: HTTP GET /help 200  54ms
2015-05-16 14:25:43.579 - debug: HTTP GET /css/niuwah5.css 304  0ms
2015-05-16 14:25:43.602 - debug: HTTP GET /js/libs/jquery-1.8.3.min.js 200  25ms
2015-05-16 14:25:43.629 - debug: HTTP GET /imgs/chsi/editor_more1.png 200  9ms
2015-05-16 14:25:45.732 - debug: HTTP GET /imgs/chsi/editor_more2.png 200  60ms
2015-05-16 14:25:57.658 - debug: HTTP GET /clause2 200  66ms
2015-05-16 14:25:57.662 - debug: HTTP GET /css/niuwah5.css 304  1ms
2015-05-16 14:26:36.692 - debug: HTTP GET /chongzhi 200  6ms
2015-05-16 14:26:36.713 - debug: HTTP GET /css/niuwah5.css 200  2ms
2015-05-16 14:28:07.714 - debug: HTTP GET /help 200  3ms
2015-05-16 14:28:08.124 - debug: HTTP GET /css/niuwah5.css 200  1ms
2015-05-16 14:28:08.126 - debug: HTTP GET /js/libs/jquery-1.8.3.min.js 200  0ms
2015-05-16 14:28:08.861 - debug: HTTP GET /imgs/chsi/editor_more1.png 200  2ms
2015-05-16 14:28:10.294 - debug: HTTP GET /imgs/chsi/editor_more2.png 200  3ms
2015-05-16 14:29:26.122 - debug: HTTP GET /help 200  7ms
2015-05-16 14:29:26.289 - debug: HTTP GET /js/libs/jquery-1.8.3.min.js 200  2ms
2015-05-16 14:29:26.291 - debug: HTTP GET /css/niuwah5.css 200  1ms
2015-05-16 14:29:26.601 - debug: HTTP GET /imgs/chsi/editor_more1.png 200  3ms
2015-05-16 14:29:31.756 - debug: HTTP GET /imgs/chsi/editor_more2.png 200  0ms
2015-05-16 14:29:55.866 - debug: HTTP GET /help 304  7ms
2015-05-16 14:29:55.918 - debug: HTTP GET /css/niuwah5.css 304  1ms
2015-05-16 14:29:55.922 - debug: HTTP GET /js/libs/jquery-1.8.3.min.js 304  9ms
2015-05-16 14:30:41.489 - debug: HTTP GET /help 200  3ms
2015-05-16 14:30:41.774 - debug: HTTP GET /css/niuwah5.css 200  0ms
2015-05-16 14:30:41.786 - debug: HTTP GET /js/libs/jquery-1.8.3.min.js 200  1ms
2015-05-16 14:30:41.986 - debug: HTTP GET /imgs/chsi/editor_more1.png 200  2ms
2015-05-16 14:30:43.387 - debug: HTTP GET /imgs/chsi/editor_more2.png 200  1ms
2015-05-16 15:59:58.220 - debug: HTTP GET /clause2 200  4ms
2015-05-16 15:59:58.247 - debug: HTTP GET /css/niuwah5.css 200  1ms
2015-05-16 16:00:42.887 - debug: HTTP GET /clause2 304  5ms
2015-05-16 16:00:42.898 - debug: HTTP GET /css/niuwah5.css 304  1ms
2015-05-16 16:30:10.732 - debug: HTTP GET /clause2 304  4ms
2015-05-16 16:30:10.784 - debug: HTTP GET /css/niuwah5.css 304  1ms
2015-05-16 16:59:37.877 - debug: HTTP GET /jiekuan 200  24ms
2015-05-16 16:59:37.963 - debug: HTTP GET /css/niuwah5.css 304  1ms
2015-05-16 17:58:46.792 - debug: HTTP GET /clause2 304  11ms
2015-05-16 17:58:46.805 - debug: HTTP GET /css/niuwah5.css 304  1ms
2015-05-16 18:25:52.191 - debug: HTTP GET /help 200  7ms
2015-05-16 18:25:52.259 - debug: HTTP GET /css/niuwah5.css 200  2ms
2015-05-16 18:25:52.278 - debug: HTTP GET /js/libs/jquery-1.8.3.min.js 200  2ms
2015-05-16 18:25:52.469 - debug: HTTP GET /imgs/chsi/editor_more1.png 200  2ms
2015-05-16 18:33:20.558 - debug: HTTP GET / 304  39ms
2015-05-16 18:33:20.636 - debug: HTTP GET /css/jquery.fullPage.css 304  1ms
2015-05-16 18:33:20.662 - debug: HTTP GET /css/earlybird.css 304  0ms
2015-05-16 18:33:20.672 - debug: HTTP GET /css/idialog.css 304  1ms
2015-05-16 18:33:20.674 - debug: HTTP GET /js/libs/jquery-1.8.3.min.js 304  1ms
2015-05-16 18:33:20.727 - debug: HTTP GET /js/libs/jquery-ui-1.10.3.min.js 304  1ms
2015-05-16 18:33:20.744 - debug: HTTP GET /js/libs/jquery.fullPage.min.js 304  0ms
2015-05-16 18:33:20.746 - debug: HTTP GET /js/libs/jquery.sha256.min.js 304  1ms
2015-05-16 18:33:20.756 - debug: HTTP GET /js/libs/jquery.iDialog.js 304  0ms
2015-05-16 18:33:20.846 - debug: HTTP GET /imgs/nlogo.gif 304  1ms
2015-05-16 18:33:20.866 - debug: HTTP GET /imgs/page1.gif 304  1ms
2015-05-16 18:33:20.867 - debug: HTTP GET /imgs/page2.gif 304  2ms
2015-05-16 18:33:20.869 - debug: HTTP GET /imgs/page3.gif 304  0ms
2015-05-16 18:33:20.880 - debug: HTTP GET /imgs/page4.gif 304  1ms
2015-05-16 18:33:20.965 - debug: HTTP GET /imgs/bg.png 304  0ms
2015-05-16 18:33:20.978 - debug: HTTP GET /imgs/left-round1.png 304  2ms
2015-05-16 18:33:20.980 - debug: HTTP GET /imgs/right-round1.png 304  6ms
2015-05-16 18:33:20.982 - debug: HTTP GET /imgs/roudline.gif 304  0ms
2015-05-16 18:33:23.047 - debug: HTTP GET /help 200  4ms
2015-05-16 18:33:23.051 - debug: HTTP GET /js/libs/jquery-1.8.3.min.js 304  1ms
2015-05-16 18:33:23.052 - debug: HTTP GET /css/niuwah5.css 200  1ms
2015-05-16 18:33:23.715 - debug: HTTP GET /help 304  5ms
2015-05-16 18:33:23.722 - debug: HTTP GET /css/niuwah5.css 304  0ms
2015-05-16 18:33:23.723 - debug: HTTP GET /js/libs/jquery-1.8.3.min.js 304  0ms
2015-05-16 18:33:26.820 - debug: HTTP GET /css/niuwah5.css 304  0ms
2015-05-16 18:33:34.656 - debug: HTTP GET /help 200  5ms
2015-05-16 18:33:34.664 - debug: HTTP GET /css/niuwah5.css 200  1ms
2015-05-16 18:33:34.718 - debug: HTTP GET /js/libs/jquery-1.8.3.min.js 200  1ms
2015-05-16 18:34:28.724 - debug: HTTP GET /help 304  6ms
2015-05-16 18:34:28.739 - debug: HTTP GET /js/libs/jquery-1.8.3.min.js 304  1ms
2015-05-16 18:34:28.740 - debug: HTTP GET /css/niuwah5.css 200  3ms
2015-05-16 18:34:30.233 - debug: HTTP GET /help 200  14ms
2015-05-16 18:34:30.241 - debug: HTTP GET /css/niuwah5.css 200  2ms
2015-05-16 18:34:30.242 - debug: HTTP GET /js/libs/jquery-1.8.3.min.js 200  3ms
2015-05-16 18:34:50.415 - debug: HTTP GET /help 200  26ms
2015-05-16 18:34:50.436 - debug: HTTP GET /css/niuwah5.css 200  0ms
2015-05-16 18:34:50.449 - debug: HTTP GET /js/libs/jquery-1.8.3.min.js 304  0ms
2015-05-16 18:34:53.913 - debug: HTTP GET /help 200  5ms
2015-05-16 18:34:53.937 - debug: HTTP GET /css/niuwah5.css 304  0ms
2015-05-16 18:34:53.944 - debug: HTTP GET /js/libs/jquery-1.8.3.min.js 304  0ms
2015-05-16 18:36:45.263 - debug: HTTP GET /help 304  6ms
2015-05-16 18:36:45.274 - debug: HTTP GET /css/niuwah5.css 200  1ms
2015-05-16 18:36:45.275 - debug: HTTP GET /js/libs/jquery-1.8.3.min.js 304  1ms
2015-05-16 18:38:05.650 - debug: HTTP GET /loan_agreement 200  65ms
2015-05-16 18:38:06.093 - debug: HTTP GET /loan_agreement 304  9ms
2015-05-16 18:40:56.087 - debug: HTTP GET /help 200  6ms
2015-05-16 18:40:56.095 - debug: HTTP GET /js/libs/jquery-1.8.3.min.js 304  0ms
2015-05-16 18:40:56.096 - debug: HTTP GET /css/niuwah5.css 200  2ms
2015-05-16 19:14:43.921 - debug: HTTP GET /jiekuan 200  5ms
2015-05-16 19:14:44.057 - debug: HTTP GET /css/niuwah5.css 200  2ms
2015-05-16 19:21:26.671 - debug: HTTP GET /help 200  6ms
2015-05-16 19:21:26.710 - debug: HTTP GET /css/niuwah5.css 200  1ms
2015-05-16 19:21:26.752 - debug: HTTP GET /js/libs/jquery-1.8.3.min.js 304  1ms
2015-05-16 21:09:05.038 - debug: HTTP GET /jiekuan 200  40ms
2015-05-16 21:09:05.173 - debug: HTTP GET /css/niuwah5.css 200  1ms
2015-05-16 21:10:38.730 - debug: HTTP GET /help 200  5ms
2015-05-16 21:10:38.737 - debug: HTTP GET /css/niuwah5.css 304  0ms
2015-05-16 21:10:38.745 - debug: HTTP GET /js/libs/jquery-1.8.3.min.js 304  1ms
2015-05-16 21:13:10.994 - debug: HTTP GET /hongbao 200  5ms
2015-05-16 21:13:10.997 - debug: HTTP GET /css/niuwah5.css 304  0ms
2015-05-16 21:18:05.034 - debug: HTTP GET /hongbao 304  9ms
2015-05-16 21:18:05.093 - debug: HTTP GET /css/niuwah5.css 304  1ms
2015-05-16 22:07:40.050 - debug: HTTP GET /help 200  6ms
2015-05-16 22:07:40.070 - debug: HTTP GET /js/libs/jquery-1.8.3.min.js 200  1ms
2015-05-16 22:07:40.081 - debug: HTTP GET /css/niuwah5.css 200  1ms
2015-05-16 22:09:15.906 - debug: HTTP GET /chongzhi 304  66ms
2015-05-16 22:09:15.956 - debug: HTTP GET /css/niuwah5.css 304  9ms
2015-05-16 22:14:28.000 - debug: HTTP GET /tixian 200  5ms
2015-05-16 22:14:28.012 - debug: HTTP GET /css/niuwah5.css 304  0ms
2015-05-16 22:22:02.566 - debug: HTTP GET /hongbao 200  4ms
2015-05-16 22:22:02.675 - debug: HTTP GET /css/niuwah5.css 304  14ms
2015-05-16 22:35:47.472 - debug: HTTP GET /chongzhi 304  6ms
2015-05-16 22:35:47.484 - debug: HTTP GET /css/niuwah5.css 304  1ms
2015-05-16 22:38:07.210 - debug: HTTP GET /chongzhi 200  6ms
2015-05-16 22:38:07.233 - debug: HTTP GET /css/niuwah5.css 200  1ms
2015-05-16 22:38:13.162 - debug: HTTP GET /tixian 200  21ms
2015-05-16 22:38:13.172 - debug: HTTP GET /css/niuwah5.css 304  0ms
