2015-05-17 09:33:10.109 - debug: HTTP GET /clause2 200  4ms
2015-05-17 09:33:10.143 - debug: HTTP GET /css/niuwah5.css 304  0ms
2015-05-17 09:33:54.805 - debug: HTTP GET /clause2 304  14ms
2015-05-17 09:33:54.817 - debug: HTTP GET /css/niuwah5.css 304  1ms
2015-05-17 11:03:09.318 - debug: HTTP GET /clause2 304  3ms
2015-05-17 11:03:09.450 - debug: HTTP GET /css/niuwah5.css 304  1ms
2015-05-17 13:10:03.374 - debug: HTTP GET /clause2 200  6ms
2015-05-17 13:10:03.494 - debug: HTTP GET /css/niuwah5.css 200  0ms
2015-05-17 13:28:52.348 - debug: HTTP GET /hongbao 200  6ms
2015-05-17 13:28:52.512 - debug: HTTP GET /css/niuwah5.css 200  0ms
2015-05-17 13:28:55.111 - debug: HTTP GET /hongbao 304  5ms
2015-05-17 13:28:55.139 - debug: HTTP GET /css/niuwah5.css 304  0ms
2015-05-17 13:29:11.474 - debug: HTTP GET /chongzhi 304  4ms
2015-05-17 13:29:11.496 - debug: HTTP GET /css/niuwah5.css 304  1ms
2015-05-17 13:29:29.663 - debug: HTTP GET /tixian 304  4ms
2015-05-17 13:29:29.683 - debug: HTTP GET /css/niuwah5.css 304  0ms
2015-05-17 13:32:09.629 - debug: HTTP GET /chsigetcode 200  6ms
2015-05-17 13:32:09.638 - debug: HTTP GET /css/niuwah5.css 304  0ms
2015-05-17 13:32:09.648 - debug: HTTP GET /imgs/chsi/02.png 200  1ms
2015-05-17 13:32:09.650 - debug: HTTP GET /imgs/chsi/01.png 200  3ms
2015-05-17 13:32:09.654 - debug: HTTP GET /imgs/chsi/03.png 200  1ms
2015-05-17 13:32:09.656 - debug: HTTP GET /imgs/chsi/05.png 200  1ms
2015-05-17 13:32:09.656 - debug: HTTP GET /imgs/chsi/04.png 200  1ms
2015-05-17 13:32:09.657 - debug: HTTP GET /imgs/chsi/06.png 200  1ms
2015-05-17 13:32:09.661 - debug: HTTP GET /imgs/chsi/07.png 200  0ms
2015-05-17 13:32:09.728 - debug: HTTP GET /imgs/chsi/08.png 200  64ms
2015-05-17 13:37:25.503 - debug: HTTP GET /jiekuan 200  4ms
2015-05-17 13:37:25.526 - debug: HTTP GET /css/niuwah5.css 304  0ms
2015-05-17 13:38:04.385 - debug: HTTP GET /jiekuan 304  5ms
2015-05-17 13:38:04.397 - debug: HTTP GET /css/niuwah5.css 304  1ms
2015-05-17 13:49:12.440 - debug: HTTP GET /jiekuan 304  5ms
2015-05-17 13:49:12.449 - debug: HTTP GET /css/niuwah5.css 304  0ms
2015-05-17 14:05:06.656 - debug: HTTP GET /jiekuan 200  4ms
2015-05-17 14:05:06.900 - debug: HTTP GET /css/niuwah5.css 200  3ms
2015-05-17 14:05:08.922 - debug: HTTP GET /jiekuan 304  6ms
2015-05-17 14:05:08.926 - debug: HTTP GET /css/niuwah5.css 304  0ms
2015-05-17 16:03:51.113 - debug: HTTP GET /clause2 200  6ms
2015-05-17 16:03:51.193 - debug: HTTP GET /css/niuwah5.css 304  1ms
2015-05-17 16:04:11.962 - debug: HTTP GET /clause2 304  6ms
2015-05-17 16:04:11.987 - debug: HTTP GET /css/niuwah5.css 304  0ms
2015-05-17 16:04:15.458 - debug: HTTP GET /clause2 304  4ms
2015-05-17 16:04:15.463 - debug: HTTP GET /css/niuwah5.css 304  0ms
2015-05-17 16:06:23.223 - debug: HTTP GET /clause2 304  34ms
2015-05-17 16:06:23.228 - debug: HTTP GET /css/niuwah5.css 304  0ms
2015-05-17 16:56:52.141 - debug: HTTP GET /hongbao 304  3ms
2015-05-17 16:56:52.309 - debug: HTTP GET /css/niuwah5.css 304  1ms
2015-05-17 17:23:03.878 - debug: HTTP GET /chsigetcode 304  3ms
2015-05-17 17:23:03.902 - debug: HTTP GET /css/niuwah5.css 304  0ms
2015-05-17 17:23:03.912 - debug: HTTP GET /imgs/chsi/01.png 304  1ms
2015-05-17 17:23:03.914 - debug: HTTP GET /imgs/chsi/02.png 304  0ms
2015-05-17 17:23:03.920 - debug: HTTP GET /imgs/chsi/03.png 304  0ms
2015-05-17 17:23:03.922 - debug: HTTP GET /imgs/chsi/04.png 304  1ms
2015-05-17 17:23:03.923 - debug: HTTP GET /imgs/chsi/05.png 304  1ms
2015-05-17 17:23:03.925 - debug: HTTP GET /imgs/chsi/06.png 304  0ms
2015-05-17 17:23:03.926 - debug: HTTP GET /imgs/chsi/07.png 304  1ms
2015-05-17 17:23:03.930 - debug: HTTP GET /imgs/chsi/08.png 304  1ms
2015-05-17 17:25:12.280 - debug: HTTP GET /help 200  27ms
2015-05-17 17:25:12.306 - debug: HTTP GET /css/niuwah5.css 304  0ms
2015-05-17 17:25:12.311 - debug: HTTP GET /js/libs/jquery-1.8.3.min.js 200  1ms
2015-05-17 18:19:48.545 - debug: HTTP GET /clause2 304  4ms
2015-05-17 18:19:48.640 - debug: HTTP GET /css/niuwah5.css 304  0ms
2015-05-17 18:38:44.349 - debug: HTTP GET /jiekuan 304  4ms
2015-05-17 18:38:44.362 - debug: HTTP GET /css/niuwah5.css 304  0ms
2015-05-17 18:41:05.078 - debug: HTTP GET /chsigetcode 304  7ms
2015-05-17 18:41:05.093 - debug: HTTP GET /css/niuwah5.css 304  1ms
2015-05-17 18:41:05.107 - debug: HTTP GET /imgs/chsi/01.png 304  1ms
2015-05-17 18:41:05.119 - debug: HTTP GET /imgs/chsi/02.png 304  1ms
2015-05-17 18:41:05.121 - debug: HTTP GET /imgs/chsi/03.png 304  2ms
2015-05-17 18:41:05.122 - debug: HTTP GET /imgs/chsi/04.png 304  0ms
2015-05-17 18:41:05.128 - debug: HTTP GET /imgs/chsi/05.png 304  1ms
2015-05-17 18:41:05.136 - debug: HTTP GET /imgs/chsi/06.png 304  1ms
2015-05-17 18:41:05.137 - debug: HTTP GET /imgs/chsi/07.png 304  2ms
2015-05-17 18:41:05.138 - debug: HTTP GET /imgs/chsi/08.png 304  1ms
2015-05-17 18:47:59.893 - debug: HTTP GET /clause2 200  4ms
2015-05-17 18:48:00.009 - debug: HTTP GET /css/niuwah5.css 200  1ms
2015-05-17 18:54:44.847 - debug: HTTP GET /help 304  5ms
2015-05-17 18:54:44.862 - debug: HTTP GET /css/niuwah5.css 304  0ms
2015-05-17 18:54:44.872 - debug: HTTP GET /js/libs/jquery-1.8.3.min.js 304  1ms
2015-05-17 18:56:11.199 - debug: HTTP GET /clause2 304  4ms
2015-05-17 18:56:11.261 - debug: HTTP GET /css/niuwah5.css 304  1ms
2015-05-17 18:56:13.237 - debug: HTTP GET /clause2 304  4ms
2015-05-17 18:56:13.241 - debug: HTTP GET /css/niuwah5.css 304  0ms
2015-05-17 18:56:15.343 - debug: HTTP GET /clause2 304  4ms
2015-05-17 18:56:15.347 - debug: HTTP GET /css/niuwah5.css 304  0ms
2015-05-17 19:24:50.454 - debug: HTTP GET /help 200  4ms
2015-05-17 19:24:50.635 - debug: HTTP GET /css/niuwah5.css 304  0ms
2015-05-17 19:24:50.645 - debug: HTTP GET /js/libs/jquery-1.8.3.min.js 200  1ms
2015-05-17 19:25:09.836 - debug: HTTP GET /help 304  7ms
2015-05-17 19:25:09.871 - debug: HTTP GET /css/niuwah5.css 304  0ms
2015-05-17 19:25:09.876 - debug: HTTP GET /js/libs/jquery-1.8.3.min.js 304  0ms
2015-05-17 19:25:30.609 - debug: HTTP GET /help 304  9ms
2015-05-17 19:25:30.637 - debug: HTTP GET /css/niuwah5.css 304  0ms
2015-05-17 19:25:30.639 - debug: HTTP GET /js/libs/jquery-1.8.3.min.js 304  0ms
2015-05-17 19:26:21.733 - debug: HTTP GET /help 304  6ms
2015-05-17 19:26:21.759 - debug: HTTP GET /css/niuwah5.css 304  1ms
2015-05-17 19:26:21.773 - debug: HTTP GET /js/libs/jquery-1.8.3.min.js 304  1ms
2015-05-17 19:27:24.583 - debug: HTTP GET /chongzhi 200  4ms
2015-05-17 19:27:24.618 - debug: HTTP GET /css/niuwah5.css 304  0ms
2015-05-17 19:27:29.596 - debug: HTTP GET /chongzhi 304  4ms
2015-05-17 19:27:29.618 - debug: HTTP GET /css/niuwah5.css 304  1ms
2015-05-17 19:27:33.282 - debug: HTTP GET /chongzhi 304  5ms
2015-05-17 19:27:33.309 - debug: HTTP GET /css/niuwah5.css 304  0ms
2015-05-17 19:28:05.392 - debug: HTTP GET /tixian 200  9ms
2015-05-17 19:28:05.418 - debug: HTTP GET /css/niuwah5.css 304  1ms
2015-05-17 19:28:07.230 - debug: HTTP GET /tixian 304  4ms
2015-05-17 19:28:07.253 - debug: HTTP GET /css/niuwah5.css 304  1ms
2015-05-17 19:28:15.699 - debug: HTTP GET /tixian 304  4ms
2015-05-17 19:28:15.732 - debug: HTTP GET /css/niuwah5.css 304  0ms
2015-05-17 19:28:17.754 - debug: HTTP GET /tixian 304  6ms
2015-05-17 19:28:17.775 - debug: HTTP GET /css/niuwah5.css 304  0ms
2015-05-17 19:28:19.560 - debug: HTTP GET /tixian 304  17ms
2015-05-17 19:28:19.590 - debug: HTTP GET /css/niuwah5.css 304  0ms
2015-05-17 19:28:21.398 - debug: HTTP GET /tixian 304  5ms
2015-05-17 19:28:21.424 - debug: HTTP GET /css/niuwah5.css 304  1ms
2015-05-17 19:28:26.000 - debug: HTTP GET /tixian 304  5ms
2015-05-17 19:28:26.019 - debug: HTTP GET /css/niuwah5.css 304  0ms
2015-05-17 19:28:27.620 - debug: HTTP GET /tixian 304  9ms
2015-05-17 19:28:27.638 - debug: HTTP GET /css/niuwah5.css 304  0ms
2015-05-17 19:28:29.531 - debug: HTTP GET /tixian 304  5ms
2015-05-17 19:28:29.554 - debug: HTTP GET /css/niuwah5.css 304  1ms
2015-05-17 19:28:32.329 - debug: HTTP GET /tixian 304  4ms
2015-05-17 19:28:32.357 - debug: HTTP GET /css/niuwah5.css 304  0ms
2015-05-17 19:28:33.912 - debug: HTTP GET /tixian 304  4ms
2015-05-17 19:28:33.934 - debug: HTTP GET /css/niuwah5.css 304  0ms
2015-05-17 19:28:35.495 - debug: HTTP GET /tixian 304  4ms
2015-05-17 19:28:35.518 - debug: HTTP GET /css/niuwah5.css 304  0ms
2015-05-17 19:28:37.397 - debug: HTTP GET /tixian 304  5ms
2015-05-17 19:28:37.419 - debug: HTTP GET /css/niuwah5.css 304  1ms
2015-05-17 19:28:39.997 - debug: HTTP GET /tixian 304  3ms
2015-05-17 19:28:40.033 - debug: HTTP GET /css/niuwah5.css 304  0ms
2015-05-17 19:28:41.363 - debug: HTTP GET /tixian 304  4ms
2015-05-17 19:28:41.385 - debug: HTTP GET /css/niuwah5.css 304  0ms
2015-05-17 19:29:04.191 - debug: HTTP GET /tixian 304  4ms
2015-05-17 19:29:04.220 - debug: HTTP GET /css/niuwah5.css 304  1ms
2015-05-17 19:33:56.443 - debug: HTTP GET /hongbao 304  5ms
2015-05-17 19:33:56.488 - debug: HTTP GET /css/niuwah5.css 304  0ms
2015-05-17 19:35:04.242 - debug: HTTP GET /hongbao 304  4ms
2015-05-17 19:35:04.268 - debug: HTTP GET /css/niuwah5.css 304  0ms
2015-05-17 20:19:01.505 - debug: HTTP GET /help 304  3ms
2015-05-17 20:19:01.573 - debug: HTTP GET /css/niuwah5.css 304  0ms
2015-05-17 20:19:01.583 - debug: HTTP GET /js/libs/jquery-1.8.3.min.js 304  0ms
2015-05-17 20:32:54.700 - debug: HTTP GET /help 304  4ms
2015-05-17 20:32:54.713 - debug: HTTP GET /css/niuwah5.css 304  0ms
2015-05-17 20:32:54.719 - debug: HTTP GET /js/libs/jquery-1.8.3.min.js 304  0ms
