2015-05-18 09:16:44.594 - debug: HTTP GET /clause2 200  3ms
2015-05-18 09:16:44.718 - debug: HTTP GET /css/niuwah5.css 200  2ms
2015-05-18 09:23:09.703 - debug: HTTP GET /hongbao 304  5ms
2015-05-18 09:23:09.729 - debug: HTTP GET /css/niuwah5.css 304  0ms
2015-05-18 09:39:10.537 - debug: HTTP GET /chsigetcode 304  3ms
2015-05-18 09:39:10.596 - debug: HTTP GET /css/niuwah5.css 304  0ms
2015-05-18 09:39:10.601 - debug: HTTP GET /imgs/chsi/01.png 304  0ms
2015-05-18 09:39:10.604 - debug: HTTP GET /imgs/chsi/02.png 304  0ms
2015-05-18 09:39:10.610 - debug: HTTP GET /imgs/chsi/04.png 304  0ms
2015-05-18 09:39:10.615 - debug: HTTP GET /imgs/chsi/03.png 304  0ms
2015-05-18 09:39:10.620 - debug: HTTP GET /imgs/chsi/05.png 304  0ms
2015-05-18 09:39:10.621 - debug: HTTP GET /imgs/chsi/06.png 304  0ms
2015-05-18 09:39:10.621 - debug: HTTP GET /imgs/chsi/07.png 304  0ms
2015-05-18 09:39:10.626 - debug: HTTP GET /imgs/chsi/08.png 304  1ms
2015-05-18 10:41:53.776 - debug: HTTP GET /jiekuan 304  14ms
2015-05-18 10:41:53.788 - debug: HTTP GET /css/niuwah5.css 304  1ms
2015-05-18 11:27:51.658 - debug: HTTP GET /clause2 200  6ms
2015-05-18 11:27:51.839 - debug: HTTP GET /css/niuwah5.css 304  1ms
2015-05-18 11:28:56.130 - debug: HTTP GET /clause2 304  7ms
2015-05-18 11:28:56.157 - debug: HTTP GET /css/niuwah5.css 304  0ms
2015-05-18 11:31:16.837 - debug: HTTP GET /tixian 200  4ms
2015-05-18 11:31:16.850 - debug: HTTP GET /css/niuwah5.css 200  2ms
2015-05-18 11:32:45.085 - debug: HTTP GET /clause2 304  16ms
2015-05-18 11:32:45.116 - debug: HTTP GET /css/niuwah5.css 304  0ms
2015-05-18 11:32:49.453 - debug: HTTP GET /clause2 304  5ms
2015-05-18 11:32:49.482 - debug: HTTP GET /css/niuwah5.css 304  0ms
2015-05-18 11:34:18.277 - debug: HTTP GET /clause2 304  10ms
2015-05-18 11:34:18.302 - debug: HTTP GET /css/niuwah5.css 304  1ms
2015-05-18 11:34:20.723 - debug: HTTP GET /clause2 304  6ms
2015-05-18 11:34:20.754 - debug: HTTP GET /css/niuwah5.css 304  0ms
2015-05-18 11:36:46.028 - debug: HTTP GET /chongzhi 304  5ms
2015-05-18 11:36:46.133 - debug: HTTP GET /css/niuwah5.css 304  0ms
2015-05-18 12:40:38.534 - debug: HTTP GET /hongbao 200  4ms
2015-05-18 12:40:38.658 - debug: HTTP GET /css/niuwah5.css 304  0ms
2015-05-18 13:01:25.876 - debug: HTTP GET /jiekuan 304  6ms
2015-05-18 13:01:25.889 - debug: HTTP GET /css/niuwah5.css 304  1ms
2015-05-18 13:21:50.427 - debug: HTTP GET /jiekuan 304  7ms
2015-05-18 13:21:50.448 - debug: HTTP GET /css/niuwah5.css 304  0ms
2015-05-18 13:22:10.550 - debug: HTTP GET /jiekuan 304  9ms
2015-05-18 13:22:10.561 - debug: HTTP GET /css/niuwah5.css 304  3ms
2015-05-18 13:45:02.175 - debug: HTTP GET /chongzhi 304  4ms
2015-05-18 13:45:02.211 - debug: HTTP GET /css/niuwah5.css 304  0ms
2015-05-18 13:51:05.181 - debug: HTTP GET /hongbao 304  11ms
2015-05-18 13:51:05.198 - debug: HTTP GET /css/niuwah5.css 304  1ms
2015-05-18 13:58:18.573 - debug: HTTP GET /hongbao 304  5ms
2015-05-18 13:58:18.587 - debug: HTTP GET /css/niuwah5.css 304  1ms
2015-05-18 13:58:27.784 - debug: HTTP GET /hongbao 304  10ms
2015-05-18 13:58:27.804 - debug: HTTP GET /css/niuwah5.css 304  1ms
2015-05-18 13:59:07.397 - debug: HTTP GET /jiekuan 304  6ms
2015-05-18 13:59:07.418 - debug: HTTP GET /css/niuwah5.css 304  0ms
2015-05-18 14:13:29.897 - debug: HTTP GET /hongbao 304  10ms
2015-05-18 14:13:29.915 - debug: HTTP GET /css/niuwah5.css 304  1ms
2015-05-18 14:13:43.517 - debug: HTTP GET /hongbao 304  35ms
2015-05-18 14:13:43.526 - debug: HTTP GET /css/niuwah5.css 304  1ms
2015-05-18 14:13:52.460 - debug: HTTP GET /hongbao 304  57ms
2015-05-18 14:13:52.469 - debug: HTTP GET /css/niuwah5.css 304  0ms
2015-05-18 14:17:39.870 - debug: HTTP GET /help 200  5ms
2015-05-18 14:17:40.063 - debug: HTTP GET /css/niuwah5.css 200  8ms
2015-05-18 14:17:40.073 - debug: HTTP GET /js/libs/jquery-1.8.3.min.js 200  14ms
2015-05-18 14:22:10.675 - debug: HTTP GET /help 304  8ms
2015-05-18 14:22:10.703 - debug: HTTP GET /css/niuwah5.css 304  4ms
2015-05-18 14:22:10.705 - debug: HTTP GET /js/libs/jquery-1.8.3.min.js 304  5ms
2015-05-18 14:22:11.625 - debug: HTTP GET /help 304  7ms
2015-05-18 14:22:11.631 - debug: HTTP GET /css/niuwah5.css 304  1ms
2015-05-18 14:22:11.632 - debug: HTTP GET /js/libs/jquery-1.8.3.min.js 304  0ms
2015-05-18 14:22:17.267 - debug: HTTP GET /help 304  6ms
2015-05-18 14:22:17.272 - debug: HTTP GET /css/niuwah5.css 304  0ms
2015-05-18 14:22:17.274 - debug: HTTP GET /js/libs/jquery-1.8.3.min.js 304  1ms
2015-05-18 14:22:27.252 - debug: HTTP GET /help 304  9ms
2015-05-18 14:22:27.258 - debug: HTTP GET /css/niuwah5.css 304  2ms
2015-05-18 14:22:27.261 - debug: HTTP GET /js/libs/jquery-1.8.3.min.js 304  4ms
2015-05-18 14:26:24.131 - debug: HTTP GET /clause2 304  6ms
2015-05-18 14:26:24.213 - debug: HTTP GET /css/niuwah5.css 304  1ms
2015-05-18 14:26:39.424 - debug: HTTP GET /clause2 304  9ms
2015-05-18 14:26:39.446 - debug: HTTP GET /css/niuwah5.css 304  1ms
2015-05-18 14:27:29.857 - debug: HTTP GET /clause2 304  8ms
2015-05-18 14:27:29.890 - debug: HTTP GET /css/niuwah5.css 304  2ms
2015-05-18 14:27:43.025 - debug: HTTP GET /clause2 304  11ms
2015-05-18 14:27:43.061 - debug: HTTP GET /css/niuwah5.css 304  2ms
2015-05-18 14:30:33.759 - debug: HTTP GET /clause2 304  16ms
2015-05-18 14:30:33.785 - debug: HTTP GET /css/niuwah5.css 304  1ms
2015-05-18 14:30:48.885 - debug: HTTP GET /clause2 304  34ms
2015-05-18 14:30:48.909 - debug: HTTP GET /css/niuwah5.css 304  0ms
2015-05-18 14:31:05.358 - debug: HTTP GET /clause2 304  13ms
2015-05-18 14:31:05.384 - debug: HTTP GET /css/niuwah5.css 304  1ms
2015-05-18 14:31:21.341 - debug: HTTP GET /clause2 304  31ms
2015-05-18 14:31:21.366 - debug: HTTP GET /css/niuwah5.css 304  1ms
2015-05-18 14:32:43.096 - debug: HTTP GET /help 200  3ms
2015-05-18 14:32:43.237 - debug: HTTP GET /css/niuwah5.css 200  18ms
2015-05-18 14:32:43.237 - debug: HTTP GET /js/libs/jquery-1.8.3.min.js 200  14ms
2015-05-18 14:33:52.424 - debug: HTTP GET /hongbao 200  21ms
2015-05-18 14:33:52.494 - debug: HTTP GET /css/niuwah5.css 304  2ms
2015-05-18 14:33:59.741 - debug: HTTP GET /hongbao 304  7ms
2015-05-18 14:33:59.884 - debug: HTTP GET /css/niuwah5.css 304  0ms
2015-05-18 14:35:09.666 - debug: HTTP GET /jiekuan 200  3ms
2015-05-18 14:35:09.746 - debug: HTTP GET /css/niuwah5.css 304  1ms
2015-05-18 14:35:50.495 - debug: HTTP GET /hongbao 304  16ms
2015-05-18 14:35:50.556 - debug: HTTP GET /css/niuwah5.css 304  0ms
2015-05-18 14:36:14.438 - debug: HTTP GET /help 304  15ms
2015-05-18 14:36:14.514 - debug: HTTP GET /css/niuwah5.css 304  2ms
2015-05-18 14:36:14.521 - debug: HTTP GET /js/libs/jquery-1.8.3.min.js 304  1ms
2015-05-18 14:37:53.098 - debug: HTTP GET /jiekuan 200  6ms
2015-05-18 14:37:53.151 - debug: HTTP GET /css/niuwah5.css 200  1ms
2015-05-18 14:38:29.026 - debug: HTTP GET /help 304  15ms
2015-05-18 14:38:29.056 - debug: HTTP GET /css/niuwah5.css 304  0ms
2015-05-18 14:38:29.073 - debug: HTTP GET /js/libs/jquery-1.8.3.min.js 304  1ms
2015-05-18 14:44:41.884 - debug: HTTP GET /hongbao 304  14ms
2015-05-18 14:44:41.912 - debug: HTTP GET /css/niuwah5.css 304  0ms
2015-05-18 14:53:43.919 - debug: HTTP GET /clause2 200  3ms
2015-05-18 14:53:43.980 - debug: HTTP GET /css/niuwah5.css 200  1ms
2015-05-18 15:04:42.095 - debug: HTTP GET /jiekuan 304  6ms
2015-05-18 15:04:42.107 - debug: HTTP GET /css/niuwah5.css 304  0ms
2015-05-18 15:06:17.753 - debug: HTTP GET /jiekuan 200  7ms
2015-05-18 15:06:17.770 - debug: HTTP GET /css/niuwah5.css 304  0ms
2015-05-18 15:32:18.685 - debug: HTTP GET /jiekuan 304  6ms
2015-05-18 15:32:18.698 - debug: HTTP GET /css/niuwah5.css 304  0ms
2015-05-18 16:24:31.588 - debug: HTTP GET /chsigetcode 200  7ms
2015-05-18 16:24:31.645 - debug: HTTP GET /imgs/chsi/01.png 200  1ms
2015-05-18 16:24:31.647 - debug: HTTP GET /imgs/chsi/02.png 200  0ms
2015-05-18 16:24:31.649 - debug: HTTP GET /imgs/chsi/03.png 200  2ms
2015-05-18 16:24:31.650 - debug: HTTP GET /imgs/chsi/04.png 200  2ms
2015-05-18 16:24:31.651 - debug: HTTP GET /imgs/chsi/05.png 200  2ms
2015-05-18 16:24:31.651 - debug: HTTP GET /css/niuwah5.css 304  1ms
2015-05-18 16:24:31.669 - debug: HTTP GET /imgs/chsi/06.png 200  1ms
2015-05-18 16:24:31.714 - debug: HTTP GET /imgs/chsi/07.png 200  1ms
2015-05-18 16:24:31.739 - debug: HTTP GET /imgs/chsi/08.png 200  0ms
2015-05-18 18:35:51.559 - debug: HTTP GET /tixian 200  4ms
2015-05-18 18:35:51.691 - debug: HTTP GET /css/niuwah5.css 200  1ms
2015-05-18 19:46:38.228 - debug: HTTP GET /help 200  4ms
2015-05-18 19:46:38.254 - debug: HTTP GET /css/niuwah5.css 200  1ms
2015-05-18 19:46:38.272 - debug: HTTP GET /js/libs/jquery-1.8.3.min.js 200  1ms
2015-05-18 20:03:49.169 - debug: HTTP GET /chsigetcode 200  18ms
2015-05-18 20:03:49.267 - debug: HTTP GET /css/niuwah5.css 200  7ms
2015-05-18 20:03:49.270 - debug: HTTP GET /imgs/chsi/03.png 200  7ms
2015-05-18 20:03:49.271 - debug: HTTP GET /imgs/chsi/02.png 200  8ms
2015-05-18 20:03:49.272 - debug: HTTP GET /imgs/chsi/05.png 200  3ms
2015-05-18 20:03:49.272 - debug: HTTP GET /imgs/chsi/01.png 200  7ms
2015-05-18 20:03:49.273 - debug: HTTP GET /imgs/chsi/04.png 200  4ms
2015-05-18 20:03:49.273 - debug: HTTP GET /imgs/chsi/08.png 200  4ms
2015-05-18 20:03:49.277 - debug: HTTP GET /imgs/chsi/06.png 200  1ms
2015-05-18 20:03:49.283 - debug: HTTP GET /imgs/chsi/07.png 200  0ms
2015-05-18 21:17:26.455 - debug: HTTP GET /help 200  5ms
2015-05-18 21:17:26.574 - debug: HTTP GET /js/libs/jquery-1.8.3.min.js 200  1ms
2015-05-18 21:17:26.576 - debug: HTTP GET /css/niuwah5.css 304  1ms
2015-05-18 21:22:18.737 - debug: HTTP GET /help 304  5ms
2015-05-18 21:22:18.758 - debug: HTTP GET /css/niuwah5.css 304  0ms
2015-05-18 21:22:18.761 - debug: HTTP GET /js/libs/jquery-1.8.3.min.js 304  1ms
2015-05-18 21:24:44.435 - debug: HTTP GET /help 304  5ms
2015-05-18 21:24:44.480 - debug: HTTP GET /css/niuwah5.css 304  0ms
2015-05-18 21:24:44.481 - debug: HTTP GET /js/libs/jquery-1.8.3.min.js 304  1ms
