2015-05-12 09:59:04.426 - debug: HTTP GET /imgs/banner1_960-375.jpg 200  9ms
2015-05-12 10:46:10.173 - debug: HTTP GET / 304  24ms
2015-05-12 10:46:10.183 - debug: HTTP GET /css/jquery.fullPage.css 304  5ms
2015-05-12 10:46:10.192 - debug: HTTP GET /css/earlybird.css 304  14ms
2015-05-12 10:46:10.196 - debug: HTTP GET /js/libs/jquery.sha256.min.js 304  1ms
2015-05-12 10:46:10.198 - debug: HTTP GET /imgs/pagenormal.png 304  0ms
2015-05-12 10:46:10.262 - debug: HTTP GET /imgs/bg.png 304  1ms
2015-05-12 10:46:10.263 - debug: HTTP GET /imgs/left-round1.png 304  1ms
2015-05-12 10:46:10.264 - debug: HTTP GET /imgs/left-round2.png 304  1ms
2015-05-12 10:46:10.267 - debug: HTTP GET /imgs/right-round1.png 304  2ms
2015-05-12 10:46:10.268 - debug: HTTP GET /imgs/right-round2.png 304  1ms
2015-05-12 10:46:10.269 - debug: HTTP GET /imgs/earlybird.png 304  1ms
2015-05-12 10:46:14.490 - debug: HTTP GET /clause2 200  4ms
2015-05-12 10:46:14.509 - debug: HTTP GET /css/niuwah5.css 200  3ms
2015-05-12 10:46:10.194 - debug: HTTP GET /js/libs/jquery-1.8.3.min.js 304  0ms
2015-05-12 10:46:10.194 - debug: HTTP GET /js/libs/jquery-ui-1.10.3.min.js 304  1ms
2015-05-12 10:46:10.196 - debug: HTTP GET /js/libs/jquery.fullPage.min.js 304  0ms
2015-05-12 10:47:31.044 - debug: HTTP GET /clause2 200  36ms
2015-05-12 10:47:42.766 - debug: HTTP GET /clause2 200  11ms
2015-05-12 10:47:42.771 - debug: HTTP GET /css/niuwah5.css 304  2ms
2015-05-12 10:47:31.046 - debug: HTTP GET /css/niuwah5.css 304  0ms
2015-05-12 10:48:18.498 - debug: HTTP GET /css/niuwah5.css 304  0ms
2015-05-12 10:49:20.254 - debug: HTTP GET /clause2 200  7ms
2015-05-12 10:49:20.534 - debug: HTTP GET /css/niuwah5.css 200  29ms
2015-05-12 11:23:59.407 - debug: HTTP GET /clause2 200  7ms
2015-05-12 11:23:59.414 - debug: HTTP GET /css/niuwah5.css 304  1ms
2015-05-12 11:24:51.289 - error: middlewareError date=Tue May 12 2015 11:24:51 GMT+0800 (中国标准时间), pid=5680, uid=null, gid=null, cwd=E:\Tech\trunk\niuwa-p2pweb\niuwap2p_promo, execPath=C:\Program Files\nodejs\node.exe, version=v0.10.36, argv=[node, E:\Tech\trunk\niuwa-p2pweb\niuwap2p_promo\bin\www.4000], rss=55529472, heapTotal=54096128, heapUsed=21744240, loadavg=[0, 0, 0], uptime=62412.1425267, trace=[column=17, file=E:\Tech\trunk\niuwa-p2pweb\niuwap2p_promo\node_modules\express\lib\application.js, function=EventEmitter.app.render, line=519, method=app.render, native=false, column=7, file=E:\Tech\trunk\niuwa-p2pweb\niuwap2p_promo\node_modules\express\lib\response.js, function=ServerResponse.res.render, line=933, method=res.render, native=false, column=6, file=E:\Tech\trunk\niuwa-p2pweb\niuwap2p_promo\routes\index.js, function=router.post.uname, line=88, method=post.uname, native=false, column=5, file=E:\Tech\trunk\niuwa-p2pweb\niuwap2p_promo\node_modules\express\lib\router\layer.js, function=Layer.handle [as handle_request], line=82, method=handle [as handle_request], native=false, column=13, file=E:\Tech\trunk\niuwa-p2pweb\niuwap2p_promo\node_modules\express\lib\router\route.js, function=next, line=110, method=null, native=false, column=3, file=E:\Tech\trunk\niuwa-p2pweb\niuwap2p_promo\node_modules\express\lib\router\route.js, function=Route.dispatch, line=91, method=dispatch, native=false, column=5, file=E:\Tech\trunk\niuwa-p2pweb\niuwap2p_promo\node_modules\express\lib\router\layer.js, function=Layer.handle [as handle_request], line=82, method=handle [as handle_request], native=false, column=22, file=E:\Tech\trunk\niuwa-p2pweb\niuwap2p_promo\node_modules\express\lib\router\index.js, function=null, line=267, method=null, native=false, column=12, file=E:\Tech\trunk\niuwa-p2pweb\niuwap2p_promo\node_modules\express\lib\router\index.js, function=Function.proto.process_params, line=321, method=proto.process_params, native=false, column=10, file=E:\Tech\trunk\niuwa-p2pweb\niuwap2p_promo\node_modules\express\lib\router\index.js, function=next, line=261, method=null, native=false], stack=[Error: Failed to lookup view "test1" in views directory "E:\Tech\trunk\niuwa-p2pweb\niuwap2p_promo\views",     at EventEmitter.app.render (E:\Tech\trunk\niuwa-p2pweb\niuwap2p_promo\node_modules\express\lib\application.js:519:17),     at ServerResponse.res.render (E:\Tech\trunk\niuwa-p2pweb\niuwap2p_promo\node_modules\express\lib\response.js:933:7),     at router.post.uname (E:\Tech\trunk\niuwa-p2pweb\niuwap2p_promo\routes\index.js:88:6),     at Layer.handle [as handle_request] (E:\Tech\trunk\niuwa-p2pweb\niuwap2p_promo\node_modules\express\lib\router\layer.js:82:5),     at next (E:\Tech\trunk\niuwa-p2pweb\niuwap2p_promo\node_modules\express\lib\router\route.js:110:13),     at Route.dispatch (E:\Tech\trunk\niuwa-p2pweb\niuwap2p_promo\node_modules\express\lib\router\route.js:91:3),     at Layer.handle [as handle_request] (E:\Tech\trunk\niuwa-p2pweb\niuwap2p_promo\node_modules\express\lib\router\layer.js:82:5),     at E:\Tech\trunk\niuwa-p2pweb\niuwap2p_promo\node_modules\express\lib\router\index.js:267:22,     at Function.proto.process_params (E:\Tech\trunk\niuwa-p2pweb\niuwap2p_promo\node_modules\express\lib\router\index.js:321:12),     at next (E:\Tech\trunk\niuwa-p2pweb\niuwap2p_promo\node_modules\express\lib\router\index.js:261:10)], url=/test1, host=192.168.101.141:4000, accept-encoding=gzip, accept-language=zh-CN, user-agent=Mozilla/5.0 (Linux; U; Android 4.3; zh-CN; GT-N7108 Build/JSS15J) AppleWebKit/534.30 (KHTML, like Gecko) Version/4.0 UCBrowser/10.3.0.552 U3/0.8.0 Mobile Safari/534.30, accept=text/html,application/xhtml+xml,application/xml;q=0.9,*/*;q=0.8,UC/145,plugin/1,alipay/un, connection=keep-alive, x-ucbrowser-ua=dv(GT-N7108);pr(UCBrowser/10.3.0.552);ov(Android 4.3);ss(360*640);pi(720*1280);bt(UM);pm(1);bv(1);nm(0);im(0);sr(0);nt(2);, method=GET, httpVersion=1.1, originalUrl=/test1, 
2015-05-12 11:24:51.292 - debug: HTTP GET /test1 500  16ms
2015-05-12 11:25:10.855 - debug: HTTP GET /clause2 200  5ms
2015-05-12 11:25:11.070 - debug: HTTP GET /css/niuwah5.css 304  1ms
2015-05-12 11:27:13.069 - debug: HTTP GET /clause2 200  7ms
2015-05-12 11:27:13.157 - debug: HTTP GET /css/niuwah5.css 304  1ms
2015-05-12 13:22:59.903 - debug: HTTP GET /clause2 200  16ms
2015-05-12 13:22:59.921 - debug: HTTP GET /css/niuwah5.css 304  1ms
2015-05-12 13:24:13.385 - debug: HTTP GET /help 200  5ms
2015-05-12 13:24:13.406 - debug: HTTP GET /css/niuwah5.css 200  1ms
2015-05-12 13:24:13.414 - debug: HTTP GET /js/libs/jquery-1.8.3.min.js 304  1ms
2015-05-12 13:24:13.521 - debug: HTTP GET /imgs/chsi/editor_more1.png 304  0ms
2015-05-12 13:24:14.943 - debug: HTTP GET /imgs/chsi/editor_more2.png 304  0ms
2015-05-12 13:27:37.836 - debug: HTTP GET /clause2 200  6ms
2015-05-12 13:27:37.895 - debug: HTTP GET /css/niuwah5.css 304  0ms
2015-05-12 13:40:25.824 - debug: HTTP GET / 304  5ms
2015-05-12 13:40:25.828 - debug: HTTP GET /css/earlybird.css 304  0ms
2015-05-12 13:40:25.829 - debug: HTTP GET /css/jquery.fullPage.css 304  2ms
2015-05-12 13:40:25.830 - debug: HTTP GET /js/libs/jquery-1.8.3.min.js 304  2ms
2015-05-12 13:40:25.835 - debug: HTTP GET /js/libs/jquery-ui-1.10.3.min.js 304  0ms
2015-05-12 13:40:25.836 - debug: HTTP GET /js/libs/jquery.fullPage.min.js 304  1ms
2015-05-12 13:40:25.837 - debug: HTTP GET /js/libs/jquery.sha256.min.js 304  2ms
2015-05-12 13:40:25.838 - debug: HTTP GET /imgs/pagenormal.png 304  0ms
2015-05-12 13:40:25.901 - debug: HTTP GET /imgs/bg.png 304  0ms
2015-05-12 13:40:25.902 - debug: HTTP GET /imgs/left-round1.png 304  1ms
2015-05-12 13:40:25.903 - debug: HTTP GET /imgs/left-round2.png 304  1ms
2015-05-12 13:40:25.903 - debug: HTTP GET /imgs/right-round1.png 304  1ms
2015-05-12 13:40:25.904 - debug: HTTP GET /imgs/right-round2.png 304  0ms
2015-05-12 13:40:25.905 - debug: HTTP GET /imgs/earlybird.png 304  0ms
2015-05-12 13:46:15.138 - debug: HTTP GET /help 304  5ms
2015-05-12 13:46:15.172 - debug: HTTP GET /css/niuwah5.css 304  1ms
2015-05-12 13:46:15.190 - debug: HTTP GET /js/libs/jquery-1.8.3.min.js 304  6ms
2015-05-12 13:46:15.275 - debug: HTTP GET /imgs/chsi/editor_more1.png 304  0ms
2015-05-12 13:46:17.959 - debug: HTTP GET /imgs/chsi/editor_more2.png 304  0ms
2015-05-12 13:54:10.790 - debug: HTTP GET /clause2 304  6ms
2015-05-12 13:54:10.837 - debug: HTTP GET /css/niuwah5.css 304  0ms
2015-05-12 13:54:49.225 - debug: HTTP GET /help 304  4ms
2015-05-12 13:54:49.244 - debug: HTTP GET /css/niuwah5.css 304  0ms
2015-05-12 13:54:49.249 - debug: HTTP GET /js/libs/jquery-1.8.3.min.js 304  1ms
2015-05-12 13:54:49.327 - debug: HTTP GET /imgs/chsi/editor_more1.png 304  0ms
2015-05-12 14:09:20.218 - debug: HTTP GET /imgs/chsi/editor_more2.png 304  0ms
2015-05-12 14:21:16.164 - debug: HTTP GET /imgs/banner2_960-375.jpg 200  10ms
2015-05-12 14:37:00.841 - debug: HTTP GET /clause2 200  16ms
2015-05-12 14:37:00.860 - debug: HTTP GET /css/niuwah5.css 200  1ms
2015-05-12 14:39:03.561 - debug: HTTP GET /help 200  9ms
2015-05-12 14:39:03.592 - debug: HTTP GET /js/libs/jquery-1.8.3.min.js 304  1ms
2015-05-12 14:39:03.604 - debug: HTTP GET /css/niuwah5.css 200  12ms
2015-05-12 14:39:03.634 - debug: HTTP GET /imgs/chsi/editor_more1.png 200  1ms
2015-05-12 14:39:05.906 - debug: HTTP GET /imgs/chsi/editor_more2.png 200  2ms
2015-05-12 14:40:07.483 - debug: HTTP GET /clause2 200  10ms
2015-05-12 14:40:07.490 - debug: HTTP GET /css/niuwah5.css 200  1ms
2015-05-12 14:40:37.038 - debug: HTTP GET /clause2 304  42ms
2015-05-12 14:40:37.047 - debug: HTTP GET /css/niuwah5.css 200  1ms
2015-05-12 14:40:56.408 - debug: HTTP GET /clause2 200  9ms
2015-05-12 14:40:56.420 - debug: HTTP GET /css/niuwah5.css 304  1ms
2015-05-12 14:42:18.159 - debug: HTTP GET /chsigetcode 200  12ms
2015-05-12 14:42:18.436 - debug: HTTP GET /imgs/chsi/01.png 304  0ms
2015-05-12 14:42:18.437 - debug: HTTP GET /css/niuwah5.css 200  7ms
2015-05-12 14:42:18.444 - debug: HTTP GET /imgs/chsi/03.png 304  0ms
2015-05-12 14:42:18.447 - debug: HTTP GET /imgs/chsi/02.png 304  0ms
2015-05-12 14:42:18.448 - debug: HTTP GET /imgs/chsi/04.png 304  1ms
2015-05-12 14:42:18.450 - debug: HTTP GET /imgs/chsi/05.png 304  0ms
2015-05-12 14:42:18.453 - debug: HTTP GET /imgs/chsi/08.png 304  0ms
2015-05-12 14:42:18.456 - debug: HTTP GET /imgs/chsi/06.png 304  0ms
2015-05-12 14:42:18.457 - debug: HTTP GET /imgs/chsi/07.png 304  0ms
2015-05-12 14:42:33.914 - debug: HTTP GET /clause2 200  36ms
2015-05-12 14:42:38.684 - debug: HTTP GET /clause2 200  12ms
2015-05-12 14:42:38.722 - debug: HTTP GET /css/niuwah5.css 200  4ms
2015-05-12 14:42:48.032 - debug: HTTP GET /clause2 200  8ms
2015-05-12 14:42:48.132 - debug: HTTP GET /css/niuwah5.css 200  10ms
2015-05-12 14:43:41.191 - debug: HTTP GET /clause2 200  11ms
2015-05-12 14:43:41.230 - debug: HTTP GET /css/niuwah5.css 200  1ms
2015-05-12 14:45:55.297 - debug: HTTP GET /clause2 200  9ms
2015-05-12 14:45:55.328 - debug: HTTP GET /css/niuwah5.css 304  1ms
2015-05-12 14:46:18.258 - debug: HTTP GET /clause2 200  8ms
2015-05-12 14:46:18.291 - debug: HTTP GET /css/niuwah5.css 200  2ms
2015-05-12 14:49:08.785 - debug: HTTP GET /clause2 200  9ms
2015-05-12 14:49:08.832 - debug: HTTP GET /css/niuwah5.css 304  1ms
2015-05-12 14:49:22.096 - debug: HTTP GET /clause2 200  9ms
2015-05-12 14:49:22.107 - debug: HTTP GET /css/niuwah5.css 200  1ms
2015-05-12 14:49:32.728 - debug: HTTP GET /clause 200  40ms
2015-05-12 14:49:32.732 - debug: HTTP GET /css/niuwah5.css 304  0ms
2015-05-12 14:50:51.744 - debug: HTTP GET /clause2 200  10ms
2015-05-12 14:50:51.805 - debug: HTTP GET /css/niuwah5.css 200  2ms
2015-05-12 14:51:11.396 - debug: HTTP GET /clause2 200  9ms
2015-05-12 14:51:11.505 - debug: HTTP GET /css/niuwah5.css 304  6ms
2015-05-12 14:51:29.098 - debug: HTTP GET /clause2 200  9ms
2015-05-12 14:51:29.130 - debug: HTTP GET /css/niuwah5.css 200  2ms
2015-05-12 14:52:12.437 - debug: HTTP GET /clause 304  8ms
2015-05-12 14:52:12.453 - debug: HTTP GET /css/niuwah5.css 200  2ms
2015-05-12 14:52:15.860 - debug: HTTP GET /clause2 200  8ms
2015-05-12 14:52:15.947 - debug: HTTP GET /css/niuwah5.css 200  18ms
2015-05-12 14:54:01.468 - debug: HTTP GET /clause2 200  7ms
2015-05-12 14:54:01.496 - debug: HTTP GET /css/niuwah5.css 304  1ms
2015-05-12 14:54:38.670 - debug: HTTP GET /clause2 200  47ms
2015-05-12 14:54:38.705 - debug: HTTP GET /css/niuwah5.css 200  1ms
2015-05-12 15:05:38.380 - debug: HTTP GET /clause 304  18ms
2015-05-12 15:05:38.398 - debug: HTTP GET /css/niuwah5.css 200  1ms
2015-05-12 15:06:21.692 - debug: HTTP GET /clause 304  6ms
2015-05-12 15:06:21.700 - debug: HTTP GET /css/niuwah5.css 304  0ms
2015-05-12 15:06:25.328 - debug: HTTP GET /clause 304  8ms
2015-05-12 15:06:25.337 - debug: HTTP GET /css/niuwah5.css 304  1ms
2015-05-12 15:06:37.156 - debug: HTTP GET /clause 200  13ms
2015-05-12 15:06:37.174 - debug: HTTP GET /css/niuwah5.css 200  2ms
2015-05-12 15:06:45.826 - debug: HTTP GET /clause2 200  11ms
2015-05-12 15:06:45.865 - debug: HTTP GET /css/niuwah5.css 200  2ms
2015-05-12 15:09:14.510 - debug: HTTP GET /clause2 200  13ms
2015-05-12 15:09:14.547 - debug: HTTP GET /css/niuwah5.css 304  2ms
2015-05-12 15:09:34.676 - debug: HTTP GET /clause2 200  8ms
2015-05-12 15:09:34.717 - debug: HTTP GET /css/niuwah5.css 304  0ms
2015-05-12 15:09:49.552 - debug: HTTP GET /clause2 200  5ms
2015-05-12 15:09:49.591 - debug: HTTP GET /css/niuwah5.css 304  0ms
2015-05-12 15:11:20.629 - debug: HTTP GET /clause2 200  10ms
2015-05-12 15:11:20.707 - debug: HTTP GET /css/niuwah5.css 304  1ms
2015-05-12 15:17:56.975 - debug: HTTP GET /clause 304  11ms
2015-05-12 15:17:56.988 - debug: HTTP GET /css/niuwah5.css 304  0ms
2015-05-12 15:18:07.965 - debug: HTTP GET /clause2 200  15ms
2015-05-12 15:18:07.977 - debug: HTTP GET /css/niuwah5.css 304  1ms
2015-05-12 15:19:28.617 - debug: HTTP GET /clause2 200  51ms
2015-05-12 15:19:28.620 - debug: HTTP GET /css/niuwah5.css 200  1ms
2015-05-12 15:26:47.784 - debug: HTTP GET /clause2 200  10ms
2015-05-12 15:26:47.800 - debug: HTTP GET /css/niuwah5.css 304  0ms
2015-05-12 15:28:20.974 - debug: HTTP GET /clause2 200  10ms
2015-05-12 15:28:21.006 - debug: HTTP GET /css/niuwah5.css 200  1ms
2015-05-12 15:28:42.309 - debug: HTTP GET /clause2 304  11ms
2015-05-12 15:28:42.324 - debug: HTTP GET /css/niuwah5.css 200  1ms
2015-05-12 15:28:43.655 - debug: HTTP GET /clause2 304  17ms
2015-05-12 15:28:43.670 - debug: HTTP GET /css/niuwah5.css 304  0ms
2015-05-12 15:28:48.507 - debug: HTTP GET /clause2 200  9ms
2015-05-12 15:28:48.543 - debug: HTTP GET /css/niuwah5.css 200  2ms
2015-05-12 15:31:56.781 - debug: HTTP GET /clause2 200  46ms
2015-05-12 15:31:56.859 - debug: HTTP GET /css/niuwah5.css 200  29ms
2015-05-12 15:32:21.903 - debug: HTTP GET /clause 200  18ms
2015-05-12 15:32:21.974 - debug: HTTP GET /css/niuwah5.css 304  1ms
2015-05-12 15:33:25.749 - debug: HTTP GET /clause2 304  6ms
2015-05-12 15:33:25.789 - debug: HTTP GET /css/niuwah5.css 200  1ms
2015-05-12 15:34:46.744 - debug: HTTP GET /clause2 200  11ms
2015-05-12 15:34:46.798 - debug: HTTP GET /css/niuwah5.css 200  8ms
2015-05-12 15:37:55.086 - debug: HTTP GET /clause2 200  13ms
2015-05-12 15:37:55.123 - debug: HTTP GET /css/niuwah5.css 304  1ms
2015-05-12 15:38:15.649 - debug: HTTP GET /clause2 200  5ms
2015-05-12 15:38:15.704 - debug: HTTP GET /css/niuwah5.css 200  8ms
2015-05-12 15:39:08.011 - debug: HTTP GET /chsigetcode 200  8ms
2015-05-12 15:39:08.030 - debug: HTTP GET /css/niuwah5.css 200  1ms
2015-05-12 15:39:08.032 - debug: HTTP GET /imgs/chsi/01.png 304  2ms
2015-05-12 15:39:08.084 - debug: HTTP GET /imgs/chsi/06.png 304  0ms
2015-05-12 15:39:08.085 - debug: HTTP GET /imgs/chsi/03.png 304  1ms
2015-05-12 15:39:08.143 - debug: HTTP GET /imgs/chsi/04.png 304  0ms
2015-05-12 15:39:08.144 - debug: HTTP GET /imgs/chsi/05.png 304  1ms
2015-05-12 15:39:08.155 - debug: HTTP GET /imgs/chsi/07.png 304  1ms
2015-05-12 15:39:08.157 - debug: HTTP GET /imgs/chsi/02.png 304  1ms
2015-05-12 15:39:08.157 - debug: HTTP GET /imgs/chsi/08.png 304  1ms
2015-05-12 15:39:12.614 - debug: HTTP GET /help 304  15ms
2015-05-12 15:39:12.623 - debug: HTTP GET /css/niuwah5.css 304  0ms
2015-05-12 15:39:12.624 - debug: HTTP GET /js/libs/jquery-1.8.3.min.js 304  2ms
2015-05-12 15:39:12.645 - debug: HTTP GET /imgs/chsi/editor_more1.png 304  0ms
2015-05-12 15:39:14.527 - debug: HTTP GET /imgs/chsi/editor_more2.png 304  0ms
2015-05-12 15:39:47.961 - debug: HTTP GET /clause2 200  11ms
2015-05-12 15:39:48.036 - debug: HTTP GET /css/niuwah5.css 200  0ms
2015-05-12 15:40:59.070 - debug: HTTP GET /tixian 200  26ms
2015-05-12 15:40:59.100 - debug: HTTP GET /css/niuwah5.css 200  1ms
2015-05-12 15:41:43.294 - debug: HTTP GET /tixian 200  8ms
2015-05-12 15:41:43.321 - debug: HTTP GET /css/niuwah5.css 200  2ms
2015-05-12 15:42:58.011 - debug: HTTP GET /tixian 200  31ms
2015-05-12 15:42:58.060 - debug: HTTP GET /css/niuwah5.css 200  1ms
2015-05-12 15:42:59.883 - debug: HTTP GET /tixian 200  7ms
2015-05-12 15:42:59.904 - debug: HTTP GET /css/niuwah5.css 304  0ms
2015-05-12 15:44:11.948 - debug: HTTP GET /tixian 200  10ms
2015-05-12 15:44:11.975 - debug: HTTP GET /css/niuwah5.css 304  1ms
2015-05-12 15:48:39.433 - debug: HTTP GET /tixian 200  4ms
2015-05-12 15:48:39.462 - debug: HTTP GET /css/niuwah5.css 200  1ms
2015-05-12 15:49:29.508 - debug: HTTP GET /tixian 200  5ms
2015-05-12 15:49:29.580 - debug: HTTP GET /css/niuwah5.css 200  3ms
2015-05-12 15:50:10.920 - debug: HTTP GET /tixian 200  5ms
2015-05-12 15:50:10.993 - debug: HTTP GET /css/niuwah5.css 200  1ms
2015-05-12 15:59:56.993 - debug: HTTP GET / 200  17ms
2015-05-12 15:59:57.021 - debug: HTTP GET /css/jquery.fullPage.css 304  1ms
2015-05-12 15:59:57.023 - debug: HTTP GET /css/earlybird.css 304  1ms
2015-05-12 15:59:57.025 - debug: HTTP GET /css/idialog.css 200  2ms
2015-05-12 15:59:57.027 - debug: HTTP GET /js/libs/jquery-1.8.3.min.js 304  1ms
2015-05-12 15:59:57.034 - debug: HTTP GET /js/libs/jquery-ui-1.10.3.min.js 304  5ms
2015-05-12 15:59:57.041 - debug: HTTP GET /js/libs/jquery.fullPage.min.js 304  4ms
2015-05-12 15:59:57.071 - debug: HTTP GET /js/libs/jquery.sha256.min.js 304  15ms
2015-05-12 15:59:57.094 - debug: HTTP GET /js/libs/jquery.iDialog.js 404  58ms
2015-05-12 15:59:57.095 - debug: HTTP GET /imgs/nlogo.gif 404  58ms
2015-05-12 15:59:57.137 - debug: HTTP GET /imgs/page1.gif 404  5ms
2015-05-12 15:59:57.138 - debug: HTTP GET /imgs/page2.gif 404  6ms
2015-05-12 15:59:57.138 - debug: HTTP GET /imgs/page3.gif 404  6ms
2015-05-12 15:59:57.139 - debug: HTTP GET /imgs/page4.gif 404  6ms
2015-05-12 15:59:57.141 - debug: HTTP GET /reg/ 200  8ms
2015-05-12 15:59:57.149 - debug: HTTP GET /css/niuwah5.css 200  1ms
2015-05-12 15:59:57.151 - debug: HTTP GET /imgs/logo.jpg 200  0ms
2015-05-12 15:59:57.153 - debug: HTTP GET /js/libs/zepto.min.js 200  1ms
2015-05-12 15:59:57.154 - debug: HTTP GET /imgs/hb50.jpg 200  1ms
2015-05-12 16:00:07.186 - debug: HTTP GET /clause 200  20ms
2015-05-12 16:00:07.207 - debug: HTTP GET /css/niuwah5.css 304  3ms
2015-05-12 16:11:45.771 - debug: HTTP GET /chsigetcode 200  8ms
2015-05-12 16:11:45.852 - debug: HTTP GET /css/niuwah5.css 200  6ms
2015-05-12 16:11:45.963 - debug: HTTP GET /imgs/chsi/01.png 304  1ms
2015-05-12 16:11:45.973 - debug: HTTP GET /imgs/chsi/04.png 304  1ms
2015-05-12 16:11:45.981 - debug: HTTP GET /imgs/chsi/05.png 304  5ms
2015-05-12 16:11:45.984 - debug: HTTP GET /imgs/chsi/03.png 304  8ms
2015-05-12 16:11:45.986 - debug: HTTP GET /imgs/chsi/02.png 304  9ms
2015-05-12 16:11:45.991 - debug: HTTP GET /imgs/chsi/06.png 304  8ms
2015-05-12 16:11:45.999 - debug: HTTP GET /imgs/chsi/07.png 304  9ms
2015-05-12 16:11:46.002 - debug: HTTP GET /imgs/chsi/08.png 304  11ms
2015-05-12 16:12:04.764 - debug: HTTP GET /clause 200  14ms
2015-05-12 16:12:04.830 - debug: HTTP GET /css/niuwah5.css 304  2ms
2015-05-12 16:12:19.696 - debug: HTTP GET /clause 200  14ms
2015-05-12 16:12:19.815 - debug: HTTP GET /css/niuwah5.css 304  1ms
2015-05-12 16:42:12.016 - debug: HTTP GET /clause2 200  23ms
2015-05-12 16:42:12.037 - debug: HTTP GET /css/niuwah5.css 200  4ms
